#
# There is insufficient memory for the Java Runtime Environment to continue.
# Native memory allocation (malloc) failed to allocate 3007696 bytes for Chunk::new
# Possible reasons:
#   The system is out of physical RAM or swap space
#   The process is running with CompressedOops enabled, and the Java Heap may be blocking the growth of the native heap
# Possible solutions:
#   Reduce memory load on the system
#   Increase physical memory or swap space
#   Check if swap backing store is full
#   Decrease Java heap size (-Xmx/-Xms)
#   Decrease number of Java threads
#   Decrease Java thread stack sizes (-Xss)
#   Set larger code cache with -XX:ReservedCodeCacheSize=
#   JVM is running with Unscaled Compressed Oops mode in which the Java heap is
#     placed in the first 4GB address space. The Java Heap base address is the
#     maximum limit for the native heap growth. Please use -XX:HeapBaseMinAddress
#     to set the Java Heap base and to place the Java Heap above 4GB virtual address.
# This output file may be truncated or incomplete.
#
#  Out of Memory Error (arena.cpp:189), pid=99660, tid=99052
#
# JRE version: OpenJDK Runtime Environment Temurin-17.0.7+7 (17.0.7+7) (build 17.0.7+7)
# Java VM: OpenJDK 64-Bit Server VM Temurin-17.0.7+7 (17.0.7+7, mixed mode, tiered, compressed oops, compressed class ptrs, g1 gc, windows-amd64)
# No core dump will be written. Minidumps are not enabled by default on client versions of Windows
#

---------------  S U M M A R Y ------------

Command Line: --module-path=C:\Program Files\JavaFX\javafx-sdk-20.0.1\lib --add-modules=javafx.controls,javafx.fxml -Dfile.encoding=UTF-8 -XX:+ShowCodeDetailsInExceptionMessages application.Main

Host: Intel(R) Core(TM) i7-9750H CPU @ 2.60GHz, 12 cores, 3G,  Windows 11 , 64 bit Build 22000 (10.0.22000.1880)
Time: Wed Jun 21 21:39:16 2023 Türkiye Standart Saati elapsed time: 19.467816 seconds (0d 0h 0m 19s)

---------------  T H R E A D  ---------------

Current thread (0x00000131e01a0100):  JavaThread "C2 CompilerThread0" daemon [_thread_in_native, id=99052, stack(0x0000002e53b00000,0x0000002e53c00000)]


Current CompileTask:
C2:  19467 4311   !   4       javafx.scene.CssStyleHelper::transitionToState (1039 bytes)

Stack: [0x0000002e53b00000,0x0000002e53c00000]
Native frames: (J=compiled Java code, j=interpreted, Vv=VM code, C=native code)
V  [jvm.dll+0x67754a]
V  [jvm.dll+0x834304]
V  [jvm.dll+0x835aae]
V  [jvm.dll+0x836113]
V  [jvm.dll+0x24696f]
V  [jvm.dll+0xac0ac]
V  [jvm.dll+0xac67c]
V  [jvm.dll+0x364de2]
V  [jvm.dll+0x32f6b1]
V  [jvm.dll+0x32eb5a]
V  [jvm.dll+0x219641]
V  [jvm.dll+0x218a61]
V  [jvm.dll+0x1a4d8d]
V  [jvm.dll+0x2284da]
V  [jvm.dll+0x226615]
V  [jvm.dll+0x7ea90b]
V  [jvm.dll+0x7e4e7a]
V  [jvm.dll+0x676395]
C  [ucrtbase.dll+0x26c0c]
C  [KERNEL32.DLL+0x155a0]
C  [ntdll.dll+0x485b]


---------------  P R O C E S S  ---------------

Threads class SMR info:
_java_thread_list=0x00000131e9b48360, length=20, elements={
0x00000131c64efef0, 0x00000131e013c0b0, 0x00000131e013cc60, 0x00000131e01743a0,
0x00000131e0174c60, 0x00000131e0175520, 0x00000131e019f510, 0x00000131e01a0100,
0x00000131e01a0ba0, 0x00000131e01a9d60, 0x00000131e03b5990, 0x00000131e06d8bc0,
0x00000131e078c970, 0x00000131e07f51d0, 0x00000131e07fca10, 0x00000131e09cc860,
0x00000131e099c0d0, 0x00000131e0c03320, 0x00000131e0e8cfc0, 0x00000131e0e8caf0
}

Java Threads: ( => current thread )
  0x00000131c64efef0 JavaThread "main" [_thread_blocked, id=101172, stack(0x0000002e52e00000,0x0000002e52f00000)]
  0x00000131e013c0b0 JavaThread "Reference Handler" daemon [_thread_blocked, id=97680, stack(0x0000002e53500000,0x0000002e53600000)]
  0x00000131e013cc60 JavaThread "Finalizer" daemon [_thread_blocked, id=62780, stack(0x0000002e53600000,0x0000002e53700000)]
  0x00000131e01743a0 JavaThread "Signal Dispatcher" daemon [_thread_blocked, id=98092, stack(0x0000002e53700000,0x0000002e53800000)]
  0x00000131e0174c60 JavaThread "Attach Listener" daemon [_thread_blocked, id=96484, stack(0x0000002e53800000,0x0000002e53900000)]
  0x00000131e0175520 JavaThread "Service Thread" daemon [_thread_blocked, id=13936, stack(0x0000002e53900000,0x0000002e53a00000)]
  0x00000131e019f510 JavaThread "Monitor Deflation Thread" daemon [_thread_blocked, id=99672, stack(0x0000002e53a00000,0x0000002e53b00000)]
=>0x00000131e01a0100 JavaThread "C2 CompilerThread0" daemon [_thread_in_native, id=99052, stack(0x0000002e53b00000,0x0000002e53c00000)]
  0x00000131e01a0ba0 JavaThread "C1 CompilerThread0" daemon [_thread_blocked, id=35668, stack(0x0000002e53c00000,0x0000002e53d00000)]
  0x00000131e01a9d60 JavaThread "Sweeper thread" daemon [_thread_blocked, id=34196, stack(0x0000002e53d00000,0x0000002e53e00000)]
  0x00000131e03b5990 JavaThread "Common-Cleaner" daemon [_thread_blocked, id=66108, stack(0x0000002e53e00000,0x0000002e53f00000)]
  0x00000131e06d8bc0 JavaThread "Notification Thread" daemon [_thread_blocked, id=103096, stack(0x0000002e53f00000,0x0000002e54000000)]
  0x00000131e078c970 JavaThread "QuantumRenderer-0" daemon [_thread_blocked, id=72760, stack(0x0000002e54100000,0x0000002e54200000)]
  0x00000131e07f51d0 JavaThread "InvokeLaterDispatcher" daemon [_thread_blocked, id=58064, stack(0x0000002e54200000,0x0000002e54300000)]
  0x00000131e07fca10 JavaThread "JavaFX Application Thread" [_thread_in_native, id=98532, stack(0x0000002e54300000,0x0000002e54400000)]
  0x00000131e09cc860 JavaThread "JavaFX-Launcher" [_thread_blocked, id=60152, stack(0x0000002e54800000,0x0000002e54900000)]
  0x00000131e099c0d0 JavaThread "Thread-2" daemon [_thread_in_native, id=93332, stack(0x0000002e54700000,0x0000002e54800000)]
  0x00000131e0c03320 JavaThread "Prism Font Disposer" daemon [_thread_blocked, id=84208, stack(0x0000002e54e00000,0x0000002e54f00000)]
  0x00000131e0e8cfc0 JavaThread "Cleaner-0" daemon [_thread_blocked, id=70564, stack(0x0000002e55500000,0x0000002e55600000)]
  0x00000131e0e8caf0 JavaThread "mysql-cj-abandoned-connection-cleanup" daemon [_thread_blocked, id=21028, stack(0x0000002e55a00000,0x0000002e55b00000)]

Other Threads:
  0x00000131e0137a50 VMThread "VM Thread" [stack: 0x0000002e53400000,0x0000002e53500000] [id=102904]
  0x00000131c654a5c0 WatcherThread [stack: 0x0000002e54000000,0x0000002e54100000] [id=97196]
  0x00000131c6529b90 GCTaskThread "GC Thread#0" [stack: 0x0000002e52f00000,0x0000002e53000000] [id=101852]
  0x00000131e0aa8480 GCTaskThread "GC Thread#1" [stack: 0x0000002e54900000,0x0000002e54a00000] [id=99004]
  0x00000131e09c6f30 GCTaskThread "GC Thread#2" [stack: 0x0000002e54a00000,0x0000002e54b00000] [id=93460]
  0x00000131e09ccd30 GCTaskThread "GC Thread#3" [stack: 0x0000002e54b00000,0x0000002e54c00000] [id=100164]
  0x00000131e09ccfe0 GCTaskThread "GC Thread#4" [stack: 0x0000002e54c00000,0x0000002e54d00000] [id=20976]
  0x00000131e0a6c290 GCTaskThread "GC Thread#5" [stack: 0x0000002e54d00000,0x0000002e54e00000] [id=76768]
  0x00000131e9fbbd30 GCTaskThread "GC Thread#6" [stack: 0x0000002e55600000,0x0000002e55700000] [id=98032]
  0x00000131e9fbae00 GCTaskThread "GC Thread#7" [stack: 0x0000002e55700000,0x0000002e55800000] [id=61548]
  0x00000131e99b4d40 GCTaskThread "GC Thread#8" [stack: 0x0000002e55800000,0x0000002e55900000] [id=100920]
  0x00000131e0a56a40 GCTaskThread "GC Thread#9" [stack: 0x0000002e55900000,0x0000002e55a00000] [id=62548]
  0x00000131c6532ed0 ConcurrentGCThread "G1 Main Marker" [stack: 0x0000002e53000000,0x0000002e53100000] [id=101196]
  0x00000131c65348f0 ConcurrentGCThread "G1 Conc#0" [stack: 0x0000002e53100000,0x0000002e53200000] [id=84232]
  0x00000131e9a9a5d0 ConcurrentGCThread "G1 Conc#1" [stack: 0x0000002e55b00000,0x0000002e55c00000] [id=100948]
  0x00000131e9a9b340 ConcurrentGCThread "G1 Conc#2" [stack: 0x0000002e55c00000,0x0000002e55d00000] [id=82980]
  0x00000131c658ffd0 ConcurrentGCThread "G1 Refine#0" [stack: 0x0000002e53200000,0x0000002e53300000] [id=59500]
  0x00000131c6590890 ConcurrentGCThread "G1 Service" [stack: 0x0000002e53300000,0x0000002e53400000] [id=62384]

Threads with active compile tasks:
C2 CompilerThread0    19531 4311   !   4       javafx.scene.CssStyleHelper::transitionToState (1039 bytes)

VM state: not at safepoint (normal execution)

VM Mutex/Monitor currently owned by a thread: None

Heap address: 0x00000000c2800000, size: 984 MB, Compressed Oops mode: 32-bit

CDS archive(s) not mapped
Compressed class space mapped at: 0x0000000100000000-0x0000000140000000, reserved size: 1073741824
Narrow klass base: 0x0000000000000000, Narrow klass shift: 3, Narrow klass range: 0x140000000

GC Precious Log:
 CPUs: 12 total, 12 available
 Memory: 3933M
 Large Page Support: Disabled
 NUMA Support: Disabled
 Compressed Oops: Enabled (32-bit)
 Heap Region Size: 1M
 Heap Min Capacity: 8M
 Heap Initial Capacity: 62M
 Heap Max Capacity: 984M
 Pre-touch: Disabled
 Parallel Workers: 10
 Concurrent Workers: 3
 Concurrent Refinement Workers: 10
 Periodic GC: Disabled

Heap:
 garbage-first heap   total 137216K, used 65407K [0x00000000c2800000, 0x0000000100000000)
  region size 1024K, 4 young (4096K), 3 survivors (3072K)
 Metaspace       used 31516K, committed 31808K, reserved 1114112K
  class space    used 4092K, committed 4224K, reserved 1048576K

Heap Regions: E=young(eden), S=young(survivor), O=old, HS=humongous(starts), HC=humongous(continues), CS=collection set, F=free, OA=open archive, CA=closed archive, TAMS=top-at-mark-start (previous, next)
|   0|0x00000000c2800000, 0x00000000c2900000, 0x00000000c2900000|100%| O|  |TAMS 0x00000000c2900000, 0x00000000c2900000| Untracked 
|   1|0x00000000c2900000, 0x00000000c2a00000, 0x00000000c2a00000|100%| O|  |TAMS 0x00000000c2a00000, 0x00000000c2a00000| Untracked 
|   2|0x00000000c2a00000, 0x00000000c2b00000, 0x00000000c2b00000|100%|HS|  |TAMS 0x00000000c2b00000, 0x00000000c2b00000| Complete 
|   3|0x00000000c2b00000, 0x00000000c2c00000, 0x00000000c2c00000|100%|HC|  |TAMS 0x00000000c2c00000, 0x00000000c2c00000| Complete 
|   4|0x00000000c2c00000, 0x00000000c2d00000, 0x00000000c2d00000|100%|HC|  |TAMS 0x00000000c2d00000, 0x00000000c2d00000| Complete 
|   5|0x00000000c2d00000, 0x00000000c2e00000, 0x00000000c2e00000|100%|HS|  |TAMS 0x00000000c2e00000, 0x00000000c2e00000| Complete 
|   6|0x00000000c2e00000, 0x00000000c2f00000, 0x00000000c2f00000|100%|HC|  |TAMS 0x00000000c2f00000, 0x00000000c2f00000| Complete 
|   7|0x00000000c2f00000, 0x00000000c3000000, 0x00000000c3000000|100%|HC|  |TAMS 0x00000000c3000000, 0x00000000c3000000| Complete 
|   8|0x00000000c3000000, 0x00000000c3100000, 0x00000000c3100000|100%|HC|  |TAMS 0x00000000c3100000, 0x00000000c3100000| Complete 
|   9|0x00000000c3100000, 0x00000000c3200000, 0x00000000c3200000|100%|HC|  |TAMS 0x00000000c3200000, 0x00000000c3200000| Complete 
|  10|0x00000000c3200000, 0x00000000c3200000, 0x00000000c3300000|  0%| F|  |TAMS 0x00000000c3200000, 0x00000000c3200000| Untracked 
|  11|0x00000000c3300000, 0x00000000c3300000, 0x00000000c3400000|  0%| F|  |TAMS 0x00000000c3300000, 0x00000000c3300000| Untracked 
|  12|0x00000000c3400000, 0x00000000c3500000, 0x00000000c3500000|100%| O|  |TAMS 0x00000000c3500000, 0x00000000c3500000| Untracked 
|  13|0x00000000c3500000, 0x00000000c3600000, 0x00000000c3600000|100%| O|  |TAMS 0x00000000c3600000, 0x00000000c3600000| Untracked 
|  14|0x00000000c3600000, 0x00000000c3700000, 0x00000000c3700000|100%| O|  |TAMS 0x00000000c3700000, 0x00000000c3700000| Untracked 
|  15|0x00000000c3700000, 0x00000000c3800000, 0x00000000c3800000|100%| O|  |TAMS 0x00000000c3800000, 0x00000000c3800000| Untracked 
|  16|0x00000000c3800000, 0x00000000c3900000, 0x00000000c3900000|100%| O|  |TAMS 0x00000000c3900000, 0x00000000c3900000| Untracked 
|  17|0x00000000c3900000, 0x00000000c3a00000, 0x00000000c3a00000|100%|HS|  |TAMS 0x00000000c3900000, 0x00000000c3a00000| Complete 
|  18|0x00000000c3a00000, 0x00000000c3b00000, 0x00000000c3b00000|100%|HC|  |TAMS 0x00000000c3a00000, 0x00000000c3b00000| Complete 
|  19|0x00000000c3b00000, 0x00000000c3c00000, 0x00000000c3c00000|100%|HC|  |TAMS 0x00000000c3b00000, 0x00000000c3c00000| Complete 
|  20|0x00000000c3c00000, 0x00000000c3c00000, 0x00000000c3d00000|  0%| F|  |TAMS 0x00000000c3c00000, 0x00000000c3c00000| Untracked 
|  21|0x00000000c3d00000, 0x00000000c3d00000, 0x00000000c3e00000|  0%| F|  |TAMS 0x00000000c3d00000, 0x00000000c3d00000| Untracked 
|  22|0x00000000c3e00000, 0x00000000c3e00000, 0x00000000c3f00000|  0%| F|  |TAMS 0x00000000c3e00000, 0x00000000c3e00000| Untracked 
|  23|0x00000000c3f00000, 0x00000000c4000000, 0x00000000c4000000|100%|HS|  |TAMS 0x00000000c4000000, 0x00000000c4000000| Complete 
|  24|0x00000000c4000000, 0x00000000c4100000, 0x00000000c4100000|100%|HC|  |TAMS 0x00000000c4100000, 0x00000000c4100000| Complete 
|  25|0x00000000c4100000, 0x00000000c4200000, 0x00000000c4200000|100%|HC|  |TAMS 0x00000000c4200000, 0x00000000c4200000| Complete 
|  26|0x00000000c4200000, 0x00000000c4300000, 0x00000000c4300000|100%|HC|  |TAMS 0x00000000c4300000, 0x00000000c4300000| Complete 
|  27|0x00000000c4300000, 0x00000000c4400000, 0x00000000c4400000|100%|HC|  |TAMS 0x00000000c4400000, 0x00000000c4400000| Complete 
|  28|0x00000000c4400000, 0x00000000c4500000, 0x00000000c4500000|100%| O|  |TAMS 0x00000000c4500000, 0x00000000c4500000| Untracked 
|  29|0x00000000c4500000, 0x00000000c4600000, 0x00000000c4600000|100%| O|  |TAMS 0x00000000c4600000, 0x00000000c4600000| Untracked 
|  30|0x00000000c4600000, 0x00000000c4700000, 0x00000000c4700000|100%| O|  |TAMS 0x00000000c4700000, 0x00000000c4700000| Untracked 
|  31|0x00000000c4700000, 0x00000000c4800000, 0x00000000c4800000|100%|HS|  |TAMS 0x00000000c4800000, 0x00000000c4800000| Complete 
|  32|0x00000000c4800000, 0x00000000c4900000, 0x00000000c4900000|100%|HC|  |TAMS 0x00000000c4900000, 0x00000000c4900000| Complete 
|  33|0x00000000c4900000, 0x00000000c4900000, 0x00000000c4a00000|  0%| F|  |TAMS 0x00000000c4900000, 0x00000000c4900000| Untracked 
|  34|0x00000000c4a00000, 0x00000000c4a00000, 0x00000000c4b00000|  0%| F|  |TAMS 0x00000000c4a00000, 0x00000000c4a00000| Untracked 
|  35|0x00000000c4b00000, 0x00000000c4c00000, 0x00000000c4c00000|100%| O|  |TAMS 0x00000000c4c00000, 0x00000000c4c00000| Untracked 
|  36|0x00000000c4c00000, 0x00000000c4d00000, 0x00000000c4d00000|100%|HS|  |TAMS 0x00000000c4d00000, 0x00000000c4d00000| Complete 
|  37|0x00000000c4d00000, 0x00000000c4e00000, 0x00000000c4e00000|100%|HC|  |TAMS 0x00000000c4e00000, 0x00000000c4e00000| Complete 
|  38|0x00000000c4e00000, 0x00000000c4f00000, 0x00000000c4f00000|100%|HC|  |TAMS 0x00000000c4f00000, 0x00000000c4f00000| Complete 
|  39|0x00000000c4f00000, 0x00000000c5000000, 0x00000000c5000000|100%|HC|  |TAMS 0x00000000c5000000, 0x00000000c5000000| Complete 
|  40|0x00000000c5000000, 0x00000000c5100000, 0x00000000c5100000|100%|HC|  |TAMS 0x00000000c5100000, 0x00000000c5100000| Complete 
|  41|0x00000000c5100000, 0x00000000c5200000, 0x00000000c5200000|100%|HS|  |TAMS 0x00000000c5200000, 0x00000000c5200000| Complete 
|  42|0x00000000c5200000, 0x00000000c5300000, 0x00000000c5300000|100%|HC|  |TAMS 0x00000000c5300000, 0x00000000c5300000| Complete 
|  43|0x00000000c5300000, 0x00000000c5400000, 0x00000000c5400000|100%|HC|  |TAMS 0x00000000c5400000, 0x00000000c5400000| Complete 
|  44|0x00000000c5400000, 0x00000000c5500000, 0x00000000c5500000|100%|HC|  |TAMS 0x00000000c5500000, 0x00000000c5500000| Complete 
|  45|0x00000000c5500000, 0x00000000c5600000, 0x00000000c5600000|100%|HC|  |TAMS 0x00000000c5600000, 0x00000000c5600000| Complete 
|  46|0x00000000c5600000, 0x00000000c5700000, 0x00000000c5700000|100%|HS|  |TAMS 0x00000000c5700000, 0x00000000c5700000| Complete 
|  47|0x00000000c5700000, 0x00000000c5800000, 0x00000000c5800000|100%|HC|  |TAMS 0x00000000c5800000, 0x00000000c5800000| Complete 
|  48|0x00000000c5800000, 0x00000000c5900000, 0x00000000c5900000|100%|HC|  |TAMS 0x00000000c5900000, 0x00000000c5900000| Complete 
|  49|0x00000000c5900000, 0x00000000c5a00000, 0x00000000c5a00000|100%|HC|  |TAMS 0x00000000c5a00000, 0x00000000c5a00000| Complete 
|  50|0x00000000c5a00000, 0x00000000c5b00000, 0x00000000c5b00000|100%|HC|  |TAMS 0x00000000c5b00000, 0x00000000c5b00000| Complete 
|  51|0x00000000c5b00000, 0x00000000c5c00000, 0x00000000c5c00000|100%|HS|  |TAMS 0x00000000c5c00000, 0x00000000c5c00000| Complete 
|  52|0x00000000c5c00000, 0x00000000c5d00000, 0x00000000c5d00000|100%|HC|  |TAMS 0x00000000c5d00000, 0x00000000c5d00000| Complete 
|  53|0x00000000c5d00000, 0x00000000c5e00000, 0x00000000c5e00000|100%|HC|  |TAMS 0x00000000c5e00000, 0x00000000c5e00000| Complete 
|  54|0x00000000c5e00000, 0x00000000c5f00000, 0x00000000c5f00000|100%|HC|  |TAMS 0x00000000c5f00000, 0x00000000c5f00000| Complete 
|  55|0x00000000c5f00000, 0x00000000c6000000, 0x00000000c6000000|100%|HC|  |TAMS 0x00000000c6000000, 0x00000000c6000000| Complete 
|  56|0x00000000c6000000, 0x00000000c6100000, 0x00000000c6100000|100%| O|  |TAMS 0x00000000c6100000, 0x00000000c6100000| Untracked 
|  57|0x00000000c6100000, 0x00000000c61f8400, 0x00000000c6200000| 96%| O|  |TAMS 0x00000000c6187000, 0x00000000c61f8400| Untracked 
|  58|0x00000000c6200000, 0x00000000c6300000, 0x00000000c6300000|100%|HS|  |TAMS 0x00000000c6200000, 0x00000000c6300000| Complete 
|  59|0x00000000c6300000, 0x00000000c6400000, 0x00000000c6400000|100%|HC|  |TAMS 0x00000000c6300000, 0x00000000c6400000| Complete 
|  60|0x00000000c6400000, 0x00000000c6500000, 0x00000000c6500000|100%|HC|  |TAMS 0x00000000c6400000, 0x00000000c6500000| Complete 
|  61|0x00000000c6500000, 0x00000000c6600000, 0x00000000c6600000|100%|HC|  |TAMS 0x00000000c6500000, 0x00000000c6600000| Complete 
|  62|0x00000000c6600000, 0x00000000c6700000, 0x00000000c6700000|100%|HC|  |TAMS 0x00000000c6600000, 0x00000000c6700000| Complete 
|  63|0x00000000c6700000, 0x00000000c6800000, 0x00000000c6800000|100%|HS|  |TAMS 0x00000000c6700000, 0x00000000c6700000| Complete 
|  64|0x00000000c6800000, 0x00000000c6900000, 0x00000000c6900000|100%|HC|  |TAMS 0x00000000c6800000, 0x00000000c6800000| Complete 
|  65|0x00000000c6900000, 0x00000000c6a00000, 0x00000000c6a00000|100%|HC|  |TAMS 0x00000000c6900000, 0x00000000c6900000| Complete 
|  66|0x00000000c6a00000, 0x00000000c6b00000, 0x00000000c6b00000|100%|HC|  |TAMS 0x00000000c6a00000, 0x00000000c6a00000| Complete 
|  67|0x00000000c6b00000, 0x00000000c6c00000, 0x00000000c6c00000|100%|HC|  |TAMS 0x00000000c6b00000, 0x00000000c6b00000| Complete 
|  68|0x00000000c6c00000, 0x00000000c6c00000, 0x00000000c6d00000|  0%| F|  |TAMS 0x00000000c6c00000, 0x00000000c6c00000| Untracked 
|  69|0x00000000c6d00000, 0x00000000c6d00000, 0x00000000c6e00000|  0%| F|  |TAMS 0x00000000c6d00000, 0x00000000c6d00000| Untracked 
|  70|0x00000000c6e00000, 0x00000000c6e00000, 0x00000000c6f00000|  0%| F|  |TAMS 0x00000000c6e00000, 0x00000000c6e00000| Untracked 
|  71|0x00000000c6f00000, 0x00000000c6f00000, 0x00000000c7000000|  0%| F|  |TAMS 0x00000000c6f00000, 0x00000000c6f00000| Untracked 
|  72|0x00000000c7000000, 0x00000000c7000000, 0x00000000c7100000|  0%| F|  |TAMS 0x00000000c7000000, 0x00000000c7000000| Untracked 
|  73|0x00000000c7100000, 0x00000000c7100000, 0x00000000c7200000|  0%| F|  |TAMS 0x00000000c7100000, 0x00000000c7100000| Untracked 
|  74|0x00000000c7200000, 0x00000000c7200000, 0x00000000c7300000|  0%| F|  |TAMS 0x00000000c7200000, 0x00000000c7200000| Untracked 
|  75|0x00000000c7300000, 0x00000000c7300000, 0x00000000c7400000|  0%| F|  |TAMS 0x00000000c7300000, 0x00000000c7300000| Untracked 
|  76|0x00000000c7400000, 0x00000000c7400000, 0x00000000c7500000|  0%| F|  |TAMS 0x00000000c7400000, 0x00000000c7400000| Untracked 
|  77|0x00000000c7500000, 0x00000000c7500000, 0x00000000c7600000|  0%| F|  |TAMS 0x00000000c7500000, 0x00000000c7500000| Untracked 
|  78|0x00000000c7600000, 0x00000000c7600000, 0x00000000c7700000|  0%| F|  |TAMS 0x00000000c7600000, 0x00000000c7600000| Untracked 
|  79|0x00000000c7700000, 0x00000000c7700000, 0x00000000c7800000|  0%| F|  |TAMS 0x00000000c7700000, 0x00000000c7700000| Untracked 
|  80|0x00000000c7800000, 0x00000000c7800000, 0x00000000c7900000|  0%| F|  |TAMS 0x00000000c7800000, 0x00000000c7800000| Untracked 
|  81|0x00000000c7900000, 0x00000000c7900000, 0x00000000c7a00000|  0%| F|  |TAMS 0x00000000c7900000, 0x00000000c7900000| Untracked 
|  82|0x00000000c7a00000, 0x00000000c7a00000, 0x00000000c7b00000|  0%| F|  |TAMS 0x00000000c7a00000, 0x00000000c7a00000| Untracked 
|  83|0x00000000c7b00000, 0x00000000c7b00000, 0x00000000c7c00000|  0%| F|  |TAMS 0x00000000c7b00000, 0x00000000c7b00000| Untracked 
|  84|0x00000000c7c00000, 0x00000000c7c00000, 0x00000000c7d00000|  0%| F|  |TAMS 0x00000000c7c00000, 0x00000000c7c00000| Untracked 
|  85|0x00000000c7d00000, 0x00000000c7d00000, 0x00000000c7e00000|  0%| F|  |TAMS 0x00000000c7d00000, 0x00000000c7d00000| Untracked 
|  86|0x00000000c7e00000, 0x00000000c7e00000, 0x00000000c7f00000|  0%| F|  |TAMS 0x00000000c7e00000, 0x00000000c7e00000| Untracked 
|  87|0x00000000c7f00000, 0x00000000c7f00000, 0x00000000c8000000|  0%| F|  |TAMS 0x00000000c7f00000, 0x00000000c7f00000| Untracked 
|  88|0x00000000c8000000, 0x00000000c8000000, 0x00000000c8100000|  0%| F|  |TAMS 0x00000000c8000000, 0x00000000c8000000| Untracked 
|  89|0x00000000c8100000, 0x00000000c8100000, 0x00000000c8200000|  0%| F|  |TAMS 0x00000000c8100000, 0x00000000c8100000| Untracked 
|  90|0x00000000c8200000, 0x00000000c8200000, 0x00000000c8300000|  0%| F|  |TAMS 0x00000000c8200000, 0x00000000c8200000| Untracked 
|  91|0x00000000c8300000, 0x00000000c8300000, 0x00000000c8400000|  0%| F|  |TAMS 0x00000000c8300000, 0x00000000c8300000| Untracked 
|  92|0x00000000c8400000, 0x00000000c8400000, 0x00000000c8500000|  0%| F|  |TAMS 0x00000000c8400000, 0x00000000c8400000| Untracked 
|  93|0x00000000c8500000, 0x00000000c8500000, 0x00000000c8600000|  0%| F|  |TAMS 0x00000000c8500000, 0x00000000c8500000| Untracked 
|  94|0x00000000c8600000, 0x00000000c8600000, 0x00000000c8700000|  0%| F|  |TAMS 0x00000000c8600000, 0x00000000c8600000| Untracked 
|  95|0x00000000c8700000, 0x00000000c8700000, 0x00000000c8800000|  0%| F|  |TAMS 0x00000000c8700000, 0x00000000c8700000| Untracked 
|  96|0x00000000c8800000, 0x00000000c8800000, 0x00000000c8900000|  0%| F|  |TAMS 0x00000000c8800000, 0x00000000c8800000| Untracked 
|  97|0x00000000c8900000, 0x00000000c8900000, 0x00000000c8a00000|  0%| F|  |TAMS 0x00000000c8900000, 0x00000000c8900000| Untracked 
|  98|0x00000000c8a00000, 0x00000000c8a00000, 0x00000000c8b00000|  0%| F|  |TAMS 0x00000000c8a00000, 0x00000000c8a00000| Untracked 
|  99|0x00000000c8b00000, 0x00000000c8b00000, 0x00000000c8c00000|  0%| F|  |TAMS 0x00000000c8b00000, 0x00000000c8b00000| Untracked 
| 100|0x00000000c8c00000, 0x00000000c8c00000, 0x00000000c8d00000|  0%| F|  |TAMS 0x00000000c8c00000, 0x00000000c8c00000| Untracked 
| 101|0x00000000c8d00000, 0x00000000c8d00000, 0x00000000c8e00000|  0%| F|  |TAMS 0x00000000c8d00000, 0x00000000c8d00000| Untracked 
| 102|0x00000000c8e00000, 0x00000000c8e00000, 0x00000000c8f00000|  0%| F|  |TAMS 0x00000000c8e00000, 0x00000000c8e00000| Untracked 
| 103|0x00000000c8f00000, 0x00000000c8f00000, 0x00000000c9000000|  0%| F|  |TAMS 0x00000000c8f00000, 0x00000000c8f00000| Untracked 
| 104|0x00000000c9000000, 0x00000000c9000000, 0x00000000c9100000|  0%| F|  |TAMS 0x00000000c9000000, 0x00000000c9000000| Untracked 
| 105|0x00000000c9100000, 0x00000000c9100000, 0x00000000c9200000|  0%| F|  |TAMS 0x00000000c9100000, 0x00000000c9100000| Untracked 
| 106|0x00000000c9200000, 0x00000000c9200000, 0x00000000c9300000|  0%| F|  |TAMS 0x00000000c9200000, 0x00000000c9200000| Untracked 
| 107|0x00000000c9300000, 0x00000000c9300000, 0x00000000c9400000|  0%| F|  |TAMS 0x00000000c9300000, 0x00000000c9300000| Untracked 
| 108|0x00000000c9400000, 0x00000000c9400000, 0x00000000c9500000|  0%| F|  |TAMS 0x00000000c9400000, 0x00000000c9400000| Untracked 
| 109|0x00000000c9500000, 0x00000000c9500000, 0x00000000c9600000|  0%| F|  |TAMS 0x00000000c9500000, 0x00000000c9500000| Untracked 
| 110|0x00000000c9600000, 0x00000000c9600000, 0x00000000c9700000|  0%| F|  |TAMS 0x00000000c9600000, 0x00000000c9600000| Untracked 
| 111|0x00000000c9700000, 0x00000000c9700000, 0x00000000c9800000|  0%| F|  |TAMS 0x00000000c9700000, 0x00000000c9700000| Untracked 
| 112|0x00000000c9800000, 0x00000000c9800000, 0x00000000c9900000|  0%| F|  |TAMS 0x00000000c9800000, 0x00000000c9800000| Untracked 
| 113|0x00000000c9900000, 0x00000000c9900000, 0x00000000c9a00000|  0%| F|  |TAMS 0x00000000c9900000, 0x00000000c9900000| Untracked 
| 114|0x00000000c9a00000, 0x00000000c9a00000, 0x00000000c9b00000|  0%| F|  |TAMS 0x00000000c9a00000, 0x00000000c9a00000| Untracked 
| 115|0x00000000c9b00000, 0x00000000c9b00000, 0x00000000c9c00000|  0%| F|  |TAMS 0x00000000c9b00000, 0x00000000c9b00000| Untracked 
| 116|0x00000000c9c00000, 0x00000000c9c00000, 0x00000000c9d00000|  0%| F|  |TAMS 0x00000000c9c00000, 0x00000000c9c00000| Untracked 
| 117|0x00000000c9d00000, 0x00000000c9d00000, 0x00000000c9e00000|  0%| F|  |TAMS 0x00000000c9d00000, 0x00000000c9d00000| Untracked 
| 118|0x00000000c9e00000, 0x00000000c9e00000, 0x00000000c9f00000|  0%| F|  |TAMS 0x00000000c9e00000, 0x00000000c9e00000| Untracked 
| 119|0x00000000c9f00000, 0x00000000c9f00000, 0x00000000ca000000|  0%| F|  |TAMS 0x00000000c9f00000, 0x00000000c9f00000| Untracked 
| 120|0x00000000ca000000, 0x00000000ca000000, 0x00000000ca100000|  0%| F|  |TAMS 0x00000000ca000000, 0x00000000ca000000| Untracked 
| 121|0x00000000ca100000, 0x00000000ca100000, 0x00000000ca200000|  0%| F|  |TAMS 0x00000000ca100000, 0x00000000ca100000| Untracked 
| 122|0x00000000ca200000, 0x00000000ca200000, 0x00000000ca300000|  0%| F|  |TAMS 0x00000000ca200000, 0x00000000ca200000| Untracked 
| 123|0x00000000ca300000, 0x00000000ca300000, 0x00000000ca400000|  0%| F|  |TAMS 0x00000000ca300000, 0x00000000ca300000| Untracked 
| 124|0x00000000ca400000, 0x00000000ca400000, 0x00000000ca500000|  0%| F|  |TAMS 0x00000000ca400000, 0x00000000ca400000| Untracked 
| 125|0x00000000ca500000, 0x00000000ca500000, 0x00000000ca600000|  0%| F|  |TAMS 0x00000000ca500000, 0x00000000ca500000| Untracked 
| 126|0x00000000ca600000, 0x00000000ca600000, 0x00000000ca700000|  0%| F|  |TAMS 0x00000000ca600000, 0x00000000ca600000| Untracked 
| 127|0x00000000ca700000, 0x00000000ca700000, 0x00000000ca800000|  0%| F|  |TAMS 0x00000000ca700000, 0x00000000ca700000| Untracked 
| 128|0x00000000ca800000, 0x00000000ca800000, 0x00000000ca900000|  0%| F|  |TAMS 0x00000000ca800000, 0x00000000ca800000| Untracked 
| 129|0x00000000ca900000, 0x00000000ca9e7a68, 0x00000000caa00000| 90%| S|CS|TAMS 0x00000000ca900000, 0x00000000ca900000| Complete 
| 130|0x00000000caa00000, 0x00000000cab00000, 0x00000000cab00000|100%| S|CS|TAMS 0x00000000caa00000, 0x00000000caa00000| Complete 
| 131|0x00000000cab00000, 0x00000000cac00000, 0x00000000cac00000|100%| S|CS|TAMS 0x00000000cab00000, 0x00000000cab00000| Complete 
| 132|0x00000000cac00000, 0x00000000cac00000, 0x00000000cad00000|  0%| F|  |TAMS 0x00000000cac00000, 0x00000000cac00000| Untracked 
| 133|0x00000000cad00000, 0x00000000cad80000, 0x00000000cae00000| 50%| E|  |TAMS 0x00000000cad00000, 0x00000000cad00000| Complete 

Card table byte_map: [0x00000131db260000,0x00000131db450000] _byte_map_base: 0x00000131dac4c000

Marking Bits (Prev, Next): (CMBitMap*) 0x00000131c652a1e0, (CMBitMap*) 0x00000131c652a1a0
 Prev Bits: [0x00000131dc5a0000, 0x00000131dd500000)
 Next Bits: [0x00000131db640000, 0x00000131dc5a0000)

Polling page: 0x00000131c6340000

Metaspace:

Usage:
  Non-class:     26.78 MB used.
      Class:      4.00 MB used.
       Both:     30.78 MB used.

Virtual space:
  Non-class space:       64.00 MB reserved,      26.94 MB ( 42%) committed,  1 nodes.
      Class space:        1.00 GB reserved,       4.12 MB ( <1%) committed,  1 nodes.
             Both:        1.06 GB reserved,      31.06 MB (  3%) committed. 

Chunk freelists:
   Non-Class:  4.16 MB
       Class:  11.78 MB
        Both:  15.94 MB

MaxMetaspaceSize: unlimited
CompressedClassSpaceSize: 1.00 GB
Initial GC threshold: 21.00 MB
Current GC threshold: 50.44 MB
CDS: off
MetaspaceReclaimPolicy: balanced
 - commit_granule_bytes: 65536.
 - commit_granule_words: 8192.
 - virtual_space_node_default_size: 8388608.
 - enlarge_chunks_in_place: 1.
 - new_chunks_are_fully_committed: 0.
 - uncommit_free_chunks: 1.
 - use_allocation_guard: 0.
 - handle_deallocations: 1.


Internal statistics:

num_allocs_failed_limit: 3.
num_arena_births: 244.
num_arena_deaths: 0.
num_vsnodes_births: 2.
num_vsnodes_deaths: 0.
num_space_committed: 497.
num_space_uncommitted: 0.
num_chunks_returned_to_freelist: 3.
num_chunks_taken_from_freelist: 1041.
num_chunk_merges: 0.
num_chunk_splits: 715.
num_chunks_enlarged: 568.
num_inconsistent_stats: 0.

CodeHeap 'non-profiled nmethods': size=120000Kb used=1786Kb max_used=1786Kb free=118213Kb
 bounds [0x00000131d2ea0000, 0x00000131d3110000, 0x00000131da3d0000]
CodeHeap 'profiled nmethods': size=120000Kb used=8878Kb max_used=8878Kb free=111121Kb
 bounds [0x00000131cb3d0000, 0x00000131cbc80000, 0x00000131d2900000]
CodeHeap 'non-nmethods': size=5760Kb used=1466Kb max_used=1509Kb free=4293Kb
 bounds [0x00000131d2900000, 0x00000131d2b70000, 0x00000131d2ea0000]
 total_blobs=5168 nmethods=4326 adapters=752
 compilation: enabled
              stopped_count=0, restarted_count=0
 full_count=0

Compilation events (20 events):
Event: 18.645 Thread 0x00000131e01a0100 nmethod 4305 0x00000131d305c390 code [0x00000131d305c520, 0x00000131d305ca58]
Event: 18.645 Thread 0x00000131e01a0100 4306       4       com.sun.javafx.geom.transform.AffineBase::transform (19 bytes)
Event: 18.646 Thread 0x00000131e01a0100 nmethod 4306 0x00000131d305cd10 code [0x00000131d305cea0, 0x00000131d305cf48]
Event: 18.650 Thread 0x00000131e01a0ba0 4307       1       javafx.util.Pair::getKey (5 bytes)
Event: 18.650 Thread 0x00000131e01a0ba0 nmethod 4307 0x00000131d305d010 code [0x00000131d305d1a0, 0x00000131d305d278]
Event: 18.651 Thread 0x00000131e01a0100 4308  s    4       com.sun.javafx.font.PrismFontFactory::getFontFactory (123 bytes)
Event: 18.652 Thread 0x00000131e01a0100 nmethod 4308 0x00000131d305d310 code [0x00000131d305d4a0, 0x00000131d305d678]
Event: 19.031 Thread 0x00000131e01a0100 4309       4       com.sun.javafx.css.PseudoClassState::hashCode (5 bytes)
Event: 19.033 Thread 0x00000131e01a0100 nmethod 4309 0x00000131d305d790 code [0x00000131d305d900, 0x00000131d305da18]
Event: 19.033 Thread 0x00000131e01a0100 4310       4       com.sun.javafx.font.CompositeStrike::getAAMode (18 bytes)
Event: 19.034 Thread 0x00000131e01a0100 nmethod 4310 0x00000131d305db10 code [0x00000131d305dca0, 0x00000131d305ded8]
Event: 19.223 Thread 0x00000131e01a0100 4311   !   4       javafx.scene.CssStyleHelper::transitionToState (1039 bytes)
Event: 19.399 Thread 0x00000131e01a0ba0 4312       3       javafx.scene.Parent::getManagedChildren (78 bytes)
Event: 19.400 Thread 0x00000131e01a0ba0 nmethod 4312 0x00000131cbc6af10 code [0x00000131cbc6b160, 0x00000131cbc6bcb8]
Event: 19.400 Thread 0x00000131e01a0ba0 4313       3       javafx.scene.Node::doUpdatePeer (361 bytes)
Event: 19.407 Thread 0x00000131e01a0ba0 nmethod 4313 0x00000131cbc6c010 code [0x00000131cbc6c860, 0x00000131cbc722b8]
Event: 19.407 Thread 0x00000131e01a0ba0 4314       3       com.sun.javafx.sg.prism.NGNode::computeNodeRenderRoot (112 bytes)
Event: 19.408 Thread 0x00000131e01a0ba0 nmethod 4314 0x00000131cbc73b90 code [0x00000131cbc73de0, 0x00000131cbc746e8]
Event: 19.431 Thread 0x00000131e01a0ba0 4316       3       com.sun.scenario.animation.AnimationPulse::getDefaultBean (4 bytes)
Event: 19.431 Thread 0x00000131e01a0ba0 nmethod 4316 0x00000131cbc74a10 code [0x00000131cbc74ba0, 0x00000131cbc74c98]

GC Heap History (20 events):
Event: 1.254 GC heap before
{Heap before GC invocations=0 (full 0):
 garbage-first heap   total 63488K, used 22528K [0x00000000c2800000, 0x0000000100000000)
  region size 1024K, 23 young (23552K), 0 survivors (0K)
 Metaspace       used 12845K, committed 13056K, reserved 1114112K
  class space    used 1350K, committed 1472K, reserved 1048576K
}
Event: 1.260 GC heap after
{Heap after GC invocations=1 (full 0):
 garbage-first heap   total 63488K, used 3460K [0x00000000c2800000, 0x0000000100000000)
  region size 1024K, 3 young (3072K), 3 survivors (3072K)
 Metaspace       used 12845K, committed 13056K, reserved 1114112K
  class space    used 1350K, committed 1472K, reserved 1048576K
}
Event: 3.756 GC heap before
{Heap before GC invocations=1 (full 0):
 garbage-first heap   total 63488K, used 42372K [0x00000000c2800000, 0x0000000100000000)
  region size 1024K, 30 young (30720K), 3 survivors (3072K)
 Metaspace       used 20597K, committed 20864K, reserved 1114112K
  class space    used 2484K, committed 2624K, reserved 1048576K
}
Event: 3.765 GC heap after
{Heap after GC invocations=2 (full 0):
 garbage-first heap   total 63488K, used 17433K [0x00000000c2800000, 0x0000000100000000)
  region size 1024K, 4 young (4096K), 4 survivors (4096K)
 Metaspace       used 20597K, committed 20864K, reserved 1114112K
  class space    used 2484K, committed 2624K, reserved 1048576K
}
Event: 3.927 GC heap before
{Heap before GC invocations=2 (full 0):
 garbage-first heap   total 63488K, used 19481K [0x00000000c2800000, 0x0000000100000000)
  region size 1024K, 7 young (7168K), 4 survivors (4096K)
 Metaspace       used 21304K, committed 21504K, reserved 1114112K
  class space    used 2565K, committed 2624K, reserved 1048576K
}
Event: 3.931 GC heap after
{Heap after GC invocations=3 (full 0):
 garbage-first heap   total 63488K, used 18262K [0x00000000c2800000, 0x0000000100000000)
  region size 1024K, 1 young (1024K), 1 survivors (1024K)
 Metaspace       used 21304K, committed 21504K, reserved 1114112K
  class space    used 2565K, committed 2624K, reserved 1048576K
}
Event: 11.947 GC heap before
{Heap before GC invocations=4 (full 0):
 garbage-first heap   total 63488K, used 50006K [0x00000000c2800000, 0x0000000100000000)
  region size 1024K, 27 young (27648K), 1 survivors (1024K)
 Metaspace       used 28459K, committed 28672K, reserved 1114112K
  class space    used 3740K, committed 3840K, reserved 1048576K
}
Event: 11.950 GC heap after
{Heap after GC invocations=5 (full 0):
 garbage-first heap   total 63488K, used 27174K [0x00000000c2800000, 0x0000000100000000)
  region size 1024K, 4 young (4096K), 4 survivors (4096K)
 Metaspace       used 28459K, committed 28672K, reserved 1114112K
  class space    used 3740K, committed 3840K, reserved 1048576K
}
Event: 14.558 GC heap before
{Heap before GC invocations=5 (full 0):
 garbage-first heap   total 63488K, used 33318K [0x00000000c2800000, 0x0000000100000000)
  region size 1024K, 6 young (6144K), 4 survivors (4096K)
 Metaspace       used 28925K, committed 29184K, reserved 1114112K
  class space    used 3770K, committed 3904K, reserved 1048576K
}
Event: 14.562 GC heap after
{Heap after GC invocations=6 (full 0):
 garbage-first heap   total 63488K, used 32915K [0x00000000c2800000, 0x0000000100000000)
  region size 1024K, 1 young (1024K), 1 survivors (1024K)
 Metaspace       used 28925K, committed 29184K, reserved 1114112K
  class space    used 3770K, committed 3904K, reserved 1048576K
}
Event: 15.710 GC heap before
{Heap before GC invocations=7 (full 0):
 garbage-first heap   total 63488K, used 58515K [0x00000000c2800000, 0x0000000100000000)
  region size 1024K, 6 young (6144K), 1 survivors (1024K)
 Metaspace       used 29977K, committed 30208K, reserved 1114112K
  class space    used 3899K, committed 4032K, reserved 1048576K
}
Event: 15.713 GC heap after
{Heap after GC invocations=8 (full 0):
 garbage-first heap   total 63488K, used 56185K [0x00000000c2800000, 0x0000000100000000)
  region size 1024K, 2 young (2048K), 2 survivors (2048K)
 Metaspace       used 29977K, committed 30208K, reserved 1114112K
  class space    used 3899K, committed 4032K, reserved 1048576K
}
Event: 15.740 GC heap before
{Heap before GC invocations=8 (full 0):
 garbage-first heap   total 63488K, used 57209K [0x00000000c2800000, 0x0000000100000000)
  region size 1024K, 3 young (3072K), 2 survivors (2048K)
 Metaspace       used 30324K, committed 30592K, reserved 1114112K
  class space    used 3935K, committed 4096K, reserved 1048576K
}
Event: 15.743 GC heap after
{Heap after GC invocations=9 (full 0):
 garbage-first heap   total 63488K, used 56359K [0x00000000c2800000, 0x0000000100000000)
  region size 1024K, 1 young (1024K), 1 survivors (1024K)
 Metaspace       used 30324K, committed 30592K, reserved 1114112K
  class space    used 3935K, committed 4096K, reserved 1048576K
}
Event: 15.798 GC heap before
{Heap before GC invocations=9 (full 0):
 garbage-first heap   total 63488K, used 58407K [0x00000000c2800000, 0x0000000100000000)
  region size 1024K, 3 young (3072K), 1 survivors (1024K)
 Metaspace       used 30652K, committed 30848K, reserved 1114112K
  class space    used 3971K, committed 4096K, reserved 1048576K
}
Event: 15.799 GC heap after
{Heap after GC invocations=10 (full 0):
 garbage-first heap   total 63488K, used 56836K [0x00000000c2800000, 0x0000000100000000)
  region size 1024K, 1 young (1024K), 1 survivors (1024K)
 Metaspace       used 30652K, committed 30848K, reserved 1114112K
  class space    used 3971K, committed 4096K, reserved 1048576K
}
Event: 15.841 GC heap before
{Heap before GC invocations=11 (full 0):
 garbage-first heap   total 86016K, used 51716K [0x00000000c2800000, 0x0000000100000000)
  region size 1024K, 3 young (3072K), 1 survivors (1024K)
 Metaspace       used 31050K, committed 31360K, reserved 1114112K
  class space    used 4062K, committed 4224K, reserved 1048576K
}
Event: 15.843 GC heap after
{Heap after GC invocations=12 (full 0):
 garbage-first heap   total 86016K, used 49887K [0x00000000c2800000, 0x0000000100000000)
  region size 1024K, 1 young (1024K), 1 survivors (1024K)
 Metaspace       used 31050K, committed 31360K, reserved 1114112K
  class space    used 4062K, committed 4224K, reserved 1048576K
}
Event: 17.979 GC heap before
{Heap before GC invocations=12 (full 0):
 garbage-first heap   total 86016K, used 55007K [0x00000000c2800000, 0x0000000100000000)
  region size 1024K, 7 young (7168K), 1 survivors (1024K)
 Metaspace       used 31430K, committed 31680K, reserved 1114112K
  class space    used 4091K, committed 4224K, reserved 1048576K
}
Event: 17.983 GC heap after
{Heap after GC invocations=13 (full 0):
 garbage-first heap   total 137216K, used 51453K [0x00000000c2800000, 0x0000000100000000)
  region size 1024K, 3 young (3072K), 3 survivors (3072K)
 Metaspace       used 31430K, committed 31680K, reserved 1114112K
  class space    used 4091K, committed 4224K, reserved 1048576K
}

Dll operation events (20 events):
Event: 0.512 Loaded shared library C:\Program Files\JavaFX\javafx-sdk-20.0.1\bin\api-ms-win-crt-math-l1-1-0.dll
Event: 0.516 Loaded shared library C:\Program Files\JavaFX\javafx-sdk-20.0.1\bin\api-ms-win-crt-multibyte-l1-1-0.dll
Event: 0.520 Loaded shared library C:\Program Files\JavaFX\javafx-sdk-20.0.1\bin\api-ms-win-crt-private-l1-1-0.dll
Event: 0.523 Loaded shared library C:\Program Files\JavaFX\javafx-sdk-20.0.1\bin\api-ms-win-crt-process-l1-1-0.dll
Event: 0.526 Loaded shared library C:\Program Files\JavaFX\javafx-sdk-20.0.1\bin\api-ms-win-crt-runtime-l1-1-0.dll
Event: 0.529 Loaded shared library C:\Program Files\JavaFX\javafx-sdk-20.0.1\bin\api-ms-win-crt-stdio-l1-1-0.dll
Event: 0.531 Loaded shared library C:\Program Files\JavaFX\javafx-sdk-20.0.1\bin\api-ms-win-crt-string-l1-1-0.dll
Event: 0.534 Loaded shared library C:\Program Files\JavaFX\javafx-sdk-20.0.1\bin\api-ms-win-crt-time-l1-1-0.dll
Event: 0.537 Loaded shared library C:\Program Files\JavaFX\javafx-sdk-20.0.1\bin\api-ms-win-crt-utility-l1-1-0.dll
Event: 0.543 Loaded shared library C:\Program Files\JavaFX\javafx-sdk-20.0.1\bin\ucrtbase.dll
Event: 0.546 Loaded shared library C:\Program Files\JavaFX\javafx-sdk-20.0.1\bin\vcruntime140.dll
Event: 0.549 Loaded shared library C:\Program Files\JavaFX\javafx-sdk-20.0.1\bin\vcruntime140_1.dll
Event: 0.555 Loaded shared library C:\Program Files\JavaFX\javafx-sdk-20.0.1\bin\msvcp140.dll
Event: 0.560 Loaded shared library C:\Program Files\JavaFX\javafx-sdk-20.0.1\bin\msvcp140_1.dll
Event: 0.567 Loaded shared library C:\Program Files\JavaFX\javafx-sdk-20.0.1\bin\msvcp140_2.dll
Event: 0.643 Loaded shared library C:\Program Files\JavaFX\javafx-sdk-20.0.1\bin\prism_d3d.dll
Event: 0.850 Loaded shared library C:\Program Files\JavaFX\javafx-sdk-20.0.1\bin\glass.dll
Event: 1.103 Loaded shared library C:\Users\Acer\.p2\pool\plugins\org.eclipse.justj.openjdk.hotspot.jre.full.win32.x86_64_17.0.7.v20230425-1502\jre\bin\jimage.dll
Event: 1.328 Loaded shared library C:\Program Files\JavaFX\javafx-sdk-20.0.1\bin\javafx_font.dll
Event: 1.515 Loaded shared library C:\Program Files\JavaFX\javafx-sdk-20.0.1\bin\javafx_iio.dll

Deoptimization events (20 events):
Event: 15.946 Thread 0x00000131e07fca10 Uncommon trap: trap_request=0xffffffde fr.pc=0x00000131d2f9445c relative=0x000000000000113c
Event: 15.946 Thread 0x00000131e07fca10 Uncommon trap: reason=class_check action=maybe_recompile pc=0x00000131d2f9445c method=javafx.scene.Node.updateLocalToParentTransform()V @ 11 c2
Event: 15.946 Thread 0x00000131e07fca10 DEOPT PACKING pc=0x00000131d2f9445c sp=0x0000002e543fdd50
Event: 15.946 Thread 0x00000131e07fca10 DEOPT UNPACKING pc=0x00000131d29569a3 sp=0x0000002e543fdd10 mode 2
Event: 15.946 Thread 0x00000131e07fca10 Uncommon trap: trap_request=0xffffffc6 fr.pc=0x00000131d2fe1a24 relative=0x0000000000000444
Event: 15.946 Thread 0x00000131e07fca10 Uncommon trap: reason=bimorphic_or_optimized_type_check action=maybe_recompile pc=0x00000131d2fe1a24 method=javafx.scene.Node.getGeomBounds(Lcom/sun/javafx/geom/BaseBounds;Lcom/sun/javafx/geom/transform/BaseTransform;)Lcom/sun/javafx/geom/BaseBounds; @ 1 
Event: 15.946 Thread 0x00000131e07fca10 DEOPT PACKING pc=0x00000131d2fe1a24 sp=0x0000002e543fdba0
Event: 15.946 Thread 0x00000131e07fca10 DEOPT UNPACKING pc=0x00000131d29569a3 sp=0x0000002e543fdaa8 mode 2
Event: 15.946 Thread 0x00000131e07fca10 Uncommon trap: trap_request=0xffffffde fr.pc=0x00000131d2f9445c relative=0x000000000000113c
Event: 15.946 Thread 0x00000131e07fca10 Uncommon trap: reason=class_check action=maybe_recompile pc=0x00000131d2f9445c method=javafx.scene.Node.updateLocalToParentTransform()V @ 11 c2
Event: 15.946 Thread 0x00000131e07fca10 DEOPT PACKING pc=0x00000131d2f9445c sp=0x0000002e543fdee0
Event: 15.946 Thread 0x00000131e07fca10 DEOPT UNPACKING pc=0x00000131d29569a3 sp=0x0000002e543fdea0 mode 2
Event: 15.946 Thread 0x00000131e07fca10 Uncommon trap: trap_request=0xffffffc6 fr.pc=0x00000131d2fc7dc8 relative=0x00000000000001e8
Event: 15.946 Thread 0x00000131e07fca10 Uncommon trap: reason=bimorphic_or_optimized_type_check action=maybe_recompile pc=0x00000131d2fc7dc8 method=javafx.scene.Node.getGeomBounds(Lcom/sun/javafx/geom/BaseBounds;Lcom/sun/javafx/geom/transform/BaseTransform;)Lcom/sun/javafx/geom/BaseBounds; @ 1 
Event: 15.946 Thread 0x00000131e07fca10 DEOPT PACKING pc=0x00000131d2fc7dc8 sp=0x0000002e543fdc70
Event: 15.946 Thread 0x00000131e07fca10 DEOPT UNPACKING pc=0x00000131d29569a3 sp=0x0000002e543fdc30 mode 2
Event: 18.085 Thread 0x00000131e07fca10 Uncommon trap: trap_request=0xffffff45 fr.pc=0x00000131d2fe3be4 relative=0x00000000000008e4
Event: 18.085 Thread 0x00000131e07fca10 Uncommon trap: reason=unstable_if action=reinterpret pc=0x00000131d2fe3be4 method=javafx.scene.Parent.getOrderedChildren()Ljava/util/List; @ 7 c2
Event: 18.085 Thread 0x00000131e07fca10 DEOPT PACKING pc=0x00000131d2fe3be4 sp=0x0000002e543fd860
Event: 18.085 Thread 0x00000131e07fca10 DEOPT UNPACKING pc=0x00000131d29569a3 sp=0x0000002e543fd5b0 mode 2

Classes unloaded (0 events):
No events

Classes redefined (0 events):
No events

Internal exceptions (20 events):
Event: 2.242 Thread 0x00000131e07fca10 Exception <a 'java/lang/NoSuchMethodError'{0x00000000c50cb180}: 'java.lang.Object java.lang.invoke.DirectMethodHandle$Holder.newInvokeSpecial(java.lang.Object, java.lang.Object, int)'> (0x00000000c50cb180) 
thrown [s\src\hotspot\share\interpreter\linkResolver.cpp, line 759]
Event: 2.439 Thread 0x00000131e078c970 Exception <a 'java/lang/NoSuchMethodError'{0x00000000c4fbbd90}: 'int java.lang.invoke.DirectMethodHandle$Holder.invokeStaticInit(java.lang.Object, java.lang.Object)'> (0x00000000c4fbbd90) 
thrown [s\src\hotspot\share\interpreter\linkResolver.cpp, line 759]
Event: 3.754 Thread 0x00000131e07fca10 Exception <a 'java/lang/NoSuchMethodError'{0x00000000c48f00f0}: 'long java.lang.invoke.DirectMethodHandle$Holder.invokeStatic(java.lang.Object, java.lang.Object, java.lang.Object)'> (0x00000000c48f00f0) 
thrown [s\src\hotspot\share\interpreter\linkResolver.cpp, line 759]
Event: 3.754 Thread 0x00000131e07fca10 Exception <a 'java/lang/NoSuchMethodError'{0x00000000c48f3898}: 'long java.lang.invoke.DirectMethodHandle$Holder.invokeStaticInit(java.lang.Object, java.lang.Object, java.lang.Object)'> (0x00000000c48f3898) 
thrown [s\src\hotspot\share\interpreter\linkResolver.cpp, line 759]
Event: 3.768 Thread 0x00000131e07fca10 Exception <a 'java/lang/NoSuchMethodError'{0x00000000c650c0f0}: 'java.lang.Object java.lang.invoke.DirectMethodHandle$Holder.newInvokeSpecial(java.lang.Object, java.lang.Object, long)'> (0x00000000c650c0f0) 
thrown [s\src\hotspot\share\interpreter\linkResolver.cpp, line 759]
Event: 3.769 Thread 0x00000131e07fca10 Exception <a 'java/lang/NoSuchMethodError'{0x00000000c650fc60}: 'java.lang.Object java.lang.invoke.Invokers$Holder.linkToTargetMethod(java.lang.Object, long, java.lang.Object)'> (0x00000000c650fc60) 
thrown [s\src\hotspot\share\interpreter\linkResolver.cpp, line 759]
Event: 3.888 Thread 0x00000131e07fca10 Exception <a 'java/lang/NoSuchMethodError'{0x00000000c64f4fb0}: 'java.lang.Object java.lang.invoke.DirectMethodHandle$Holder.invokeInterface(java.lang.Object, java.lang.Object)'> (0x00000000c64f4fb0) 
thrown [s\src\hotspot\share\interpreter\linkResolver.cpp, line 759]
Event: 3.933 Thread 0x00000131e07fca10 Exception <a 'java/lang/NoSuchMethodError'{0x00000000c650a030}: 'java.lang.Object java.lang.invoke.DirectMethodHandle$Holder.invokeVirtual(java.lang.Object, java.lang.Object, java.lang.Object)'> (0x00000000c650a030) 
thrown [s\src\hotspot\share\interpreter\linkResolver.cpp, line 759]
Event: 4.242 Thread 0x00000131e07fca10 Implicit null exception at 0x00000131d2f291f2 to 0x00000131d2f29944
Event: 4.242 Thread 0x00000131e07fca10 Implicit null exception at 0x00000131d2f19a72 to 0x00000131d2f1a1ac
Event: 4.382 Thread 0x00000131e07fca10 Exception <a 'java/lang/ClassNotFoundException'{0x00000000c5b57d28}: com/sun/javafx/scene/control/skin/resources/controls> (0x00000000c5b57d28) 
thrown [s\src\hotspot\share\prims\jni.cpp, line 535]
Event: 4.383 Thread 0x00000131e07fca10 Exception <a 'java/lang/ClassNotFoundException'{0x00000000c5b65cb0}: com/sun/javafx/scene/control/skin/resources/controls_tr> (0x00000000c5b65cb0) 
thrown [s\src\hotspot\share\prims\jni.cpp, line 535]
Event: 4.384 Thread 0x00000131e07fca10 Exception <a 'java/lang/ClassNotFoundException'{0x00000000c5b67348}: com/sun/javafx/scene/control/skin/resources/controls_tr_TR> (0x00000000c5b67348) 
thrown [s\src\hotspot\share\prims\jni.cpp, line 535]
Event: 4.419 Thread 0x00000131e07fca10 Exception <a 'java/lang/NoSuchMethodError'{0x00000000c5adfcb0}: 'void java.lang.invoke.DirectMethodHandle$Holder.invokeSpecial(java.lang.Object, java.lang.Object, java.lang.Object, java.lang.Object, java.lang.Object, java.lang.Object)'> (0x00000000c5adfcb0) 
thrown [s\src\hotspot\share\interpreter\linkResolver.cpp, line 759]
Event: 11.727 Thread 0x00000131e07fca10 Exception <a 'java/lang/ClassNotFoundException'{0x00000000c5462720}: com/sun/javafx/scene/control/skin/resources/controls-nt> (0x00000000c5462720) 
thrown [s\src\hotspot\share\prims\jni.cpp, line 535]
Event: 11.727 Thread 0x00000131e07fca10 Exception <a 'java/lang/ClassNotFoundException'{0x00000000c5467270}: com/sun/javafx/scene/control/skin/resources/controls-nt_tr> (0x00000000c5467270) 
thrown [s\src\hotspot\share\prims\jni.cpp, line 535]
Event: 11.727 Thread 0x00000131e07fca10 Exception <a 'java/lang/ClassNotFoundException'{0x00000000c5468c28}: com/sun/javafx/scene/control/skin/resources/controls-nt_tr_TR> (0x00000000c5468c28) 
thrown [s\src\hotspot\share\prims\jni.cpp, line 535]
Event: 11.917 Thread 0x00000131e07fca10 Exception <a 'java/lang/NoSuchMethodError'{0x00000000c4ca58c8}: 'int java.lang.invoke.DirectMethodHandle$Holder.invokeSpecial(java.lang.Object, java.lang.Object, int)'> (0x00000000c4ca58c8) 
thrown [s\src\hotspot\share\interpreter\linkResolver.cpp, line 759]
Event: 11.936 Thread 0x00000131e07fca10 Exception <a 'java/lang/NoSuchMethodError'{0x00000000c4b9d850}: 'java.lang.Object java.lang.invoke.DirectMethodHandle$Holder.newInvokeSpecial(java.lang.Object, java.lang.Object, int, int)'> (0x00000000c4b9d850) 
thrown [s\src\hotspot\share\interpreter\linkResolver.cpp, line 759]
Event: 14.750 Thread 0x00000131e078c970 Exception <a 'java/lang/NoSuchMethodError'{0x00000000c64b0fa0}: 'java.lang.Object java.lang.invoke.DirectMethodHandle$Holder.invokeStaticInit(java.lang.Object, int)'> (0x00000000c64b0fa0) 
thrown [s\src\hotspot\share\interpreter\linkResolver.cpp, line 759]

VM Operations (20 events):
Event: 14.576 Executing VM operation: G1Concurrent
Event: 14.576 Executing VM operation: G1Concurrent done
Event: 15.710 Executing VM operation: G1CollectForAllocation
Event: 15.713 Executing VM operation: G1CollectForAllocation done
Event: 15.740 Executing VM operation: G1CollectForAllocation
Event: 15.743 Executing VM operation: G1CollectForAllocation done
Event: 15.798 Executing VM operation: G1CollectForAllocation
Event: 15.799 Executing VM operation: G1CollectForAllocation done
Event: 15.811 Executing VM operation: G1Concurrent
Event: 15.815 Executing VM operation: G1Concurrent done
Event: 15.819 Executing VM operation: G1Concurrent
Event: 15.820 Executing VM operation: G1Concurrent done
Event: 15.840 Executing VM operation: G1CollectForAllocation
Event: 15.843 Executing VM operation: G1CollectForAllocation done
Event: 17.843 Executing VM operation: Cleanup
Event: 17.843 Executing VM operation: Cleanup done
Event: 17.978 Executing VM operation: G1TryInitiateConcMark
Event: 17.983 Executing VM operation: G1TryInitiateConcMark done
Event: 18.984 Executing VM operation: Cleanup
Event: 18.984 Executing VM operation: Cleanup done

Events (20 events):
Event: 15.821 loading class javax/net/ssl/SSLSocket
Event: 15.822 loading class javax/net/ssl/SSLSocket done
Event: 15.822 loading class javax/crypto/NoSuchPaddingException
Event: 15.822 loading class javax/crypto/NoSuchPaddingException done
Event: 15.823 loading class javax/crypto/IllegalBlockSizeException
Event: 15.823 loading class javax/crypto/IllegalBlockSizeException done
Event: 15.823 loading class javax/crypto/BadPaddingException
Event: 15.823 loading class javax/crypto/BadPaddingException done
Event: 15.823 loading class java/security/spec/InvalidKeySpecException
Event: 15.823 loading class java/security/spec/InvalidKeySpecException done
Event: 15.823 loading class java/security/spec/KeySpec
Event: 15.823 loading class java/security/spec/KeySpec done
Event: 15.879 loading class jdk/internal/icu/text/BidiBase$BracketData
Event: 15.879 loading class jdk/internal/icu/text/BidiBase$BracketData done
Event: 15.880 loading class jdk/internal/icu/text/BidiBase$Opening
Event: 15.880 loading class jdk/internal/icu/text/BidiBase$Opening done
Event: 15.880 loading class jdk/internal/icu/text/BidiBase$IsoRun
Event: 15.880 loading class jdk/internal/icu/text/BidiBase$IsoRun done
Event: 15.880 loading class jdk/internal/icu/text/BidiBase$LevState
Event: 15.880 loading class jdk/internal/icu/text/BidiBase$LevState done


Dynamic libraries:
0x00007ff6935d0000 - 0x00007ff6935de000 	C:\Users\Acer\.p2\pool\plugins\org.eclipse.justj.openjdk.hotspot.jre.full.win32.x86_64_17.0.7.v20230425-1502\jre\bin\javaw.exe
0x00007ffb8c520000 - 0x00007ffb8c729000 	C:\WINDOWS\SYSTEM32\ntdll.dll
0x00007ffb8abf0000 - 0x00007ffb8acae000 	C:\WINDOWS\System32\KERNEL32.DLL
0x00007ffb89f90000 - 0x00007ffb8a314000 	C:\WINDOWS\System32\KERNELBASE.dll
0x00007ffb899d0000 - 0x00007ffb89ae1000 	C:\WINDOWS\System32\ucrtbase.dll
0x00007ffb75820000 - 0x00007ffb75837000 	C:\Users\Acer\.p2\pool\plugins\org.eclipse.justj.openjdk.hotspot.jre.full.win32.x86_64_17.0.7.v20230425-1502\jre\bin\jli.dll
0x00007ffb745b0000 - 0x00007ffb745c9000 	C:\Users\Acer\.p2\pool\plugins\org.eclipse.justj.openjdk.hotspot.jre.full.win32.x86_64_17.0.7.v20230425-1502\jre\bin\VCRUNTIME140.dll
0x00007ffb8a630000 - 0x00007ffb8a7dd000 	C:\WINDOWS\System32\USER32.dll
0x00007ffb89af0000 - 0x00007ffb89b16000 	C:\WINDOWS\System32\win32u.dll
0x00007ffb8b030000 - 0x00007ffb8b05a000 	C:\WINDOWS\System32\GDI32.dll
0x00007ffb56150000 - 0x00007ffb563f5000 	C:\WINDOWS\WinSxS\amd64_microsoft.windows.common-controls_6595b64144ccf1df_6.0.22000.120_none_9d947278b86cc467\COMCTL32.dll
0x00007ffb89df0000 - 0x00007ffb89f0f000 	C:\WINDOWS\System32\gdi32full.dll
0x00007ffb8af70000 - 0x00007ffb8b013000 	C:\WINDOWS\System32\msvcrt.dll
0x00007ffb89be0000 - 0x00007ffb89c7d000 	C:\WINDOWS\System32\msvcp_win.dll
0x00007ffb8c4a0000 - 0x00007ffb8c4d1000 	C:\WINDOWS\System32\IMM32.DLL
0x00007ffb82b30000 - 0x00007ffb82b3c000 	C:\Users\Acer\.p2\pool\plugins\org.eclipse.justj.openjdk.hotspot.jre.full.win32.x86_64_17.0.7.v20230425-1502\jre\bin\vcruntime140_1.dll
0x00007ffb35b60000 - 0x00007ffb35bf1000 	C:\Users\Acer\.p2\pool\plugins\org.eclipse.justj.openjdk.hotspot.jre.full.win32.x86_64_17.0.7.v20230425-1502\jre\bin\msvcp140.dll
0x00007ffaea180000 - 0x00007ffaeadc8000 	C:\Users\Acer\.p2\pool\plugins\org.eclipse.justj.openjdk.hotspot.jre.full.win32.x86_64_17.0.7.v20230425-1502\jre\bin\server\jvm.dll
0x00007ffb8a530000 - 0x00007ffb8a5df000 	C:\WINDOWS\System32\ADVAPI32.dll
0x00007ffb8b190000 - 0x00007ffb8b22e000 	C:\WINDOWS\System32\sechost.dll
0x00007ffb8ae40000 - 0x00007ffb8af61000 	C:\WINDOWS\System32\RPCRT4.dll
0x00007ffb6f0c0000 - 0x00007ffb6f0c9000 	C:\WINDOWS\SYSTEM32\WSOCK32.dll
0x00007ffb809b0000 - 0x00007ffb809ba000 	C:\WINDOWS\SYSTEM32\VERSION.dll
0x00007ffb80950000 - 0x00007ffb80983000 	C:\WINDOWS\SYSTEM32\WINMM.dll
0x00007ffb8c260000 - 0x00007ffb8c2cf000 	C:\WINDOWS\System32\WS2_32.dll
0x00007ffb88ac0000 - 0x00007ffb88ad8000 	C:\WINDOWS\SYSTEM32\kernel.appcore.dll
0x00007ffb6ea30000 - 0x00007ffb6ea3a000 	C:\Users\Acer\.p2\pool\plugins\org.eclipse.justj.openjdk.hotspot.jre.full.win32.x86_64_17.0.7.v20230425-1502\jre\bin\jimage.dll
0x00007ffb84210000 - 0x00007ffb84431000 	C:\WINDOWS\SYSTEM32\DBGHELP.DLL
0x00007ffb6f860000 - 0x00007ffb6f891000 	C:\WINDOWS\SYSTEM32\dbgcore.DLL
0x00007ffb89f10000 - 0x00007ffb89f8f000 	C:\WINDOWS\System32\bcryptPrimitives.dll
0x00007ffb20490000 - 0x00007ffb204b5000 	C:\Users\Acer\.p2\pool\plugins\org.eclipse.justj.openjdk.hotspot.jre.full.win32.x86_64_17.0.7.v20230425-1502\jre\bin\java.dll
0x00007ffb01280000 - 0x00007ffb01298000 	C:\Users\Acer\.p2\pool\plugins\org.eclipse.justj.openjdk.hotspot.jre.full.win32.x86_64_17.0.7.v20230425-1502\jre\bin\zip.dll
0x00007ffb8b6a0000 - 0x00007ffb8be65000 	C:\WINDOWS\System32\SHELL32.dll
0x00007ffb87ab0000 - 0x00007ffb88314000 	C:\WINDOWS\SYSTEM32\windows.storage.dll
0x00007ffb8bee0000 - 0x00007ffb8c256000 	C:\WINDOWS\System32\combase.dll
0x00007ffb87940000 - 0x00007ffb87aa7000 	C:\WINDOWS\SYSTEM32\wintypes.dll
0x00007ffb8a840000 - 0x00007ffb8a92a000 	C:\WINDOWS\System32\SHCORE.dll
0x00007ffb8a7e0000 - 0x00007ffb8a83d000 	C:\WINDOWS\System32\shlwapi.dll
0x00007ffb89900000 - 0x00007ffb89921000 	C:\WINDOWS\SYSTEM32\profapi.dll
0x00007ffafc8a0000 - 0x00007ffafc8b9000 	C:\Users\Acer\.p2\pool\plugins\org.eclipse.justj.openjdk.hotspot.jre.full.win32.x86_64_17.0.7.v20230425-1502\jre\bin\net.dll
0x00007ffb80830000 - 0x00007ffb80943000 	C:\WINDOWS\SYSTEM32\WINHTTP.dll
0x00007ffb88fe0000 - 0x00007ffb89047000 	C:\WINDOWS\system32\mswsock.dll
0x00007ffafc200000 - 0x00007ffafc215000 	C:\Users\Acer\.p2\pool\plugins\org.eclipse.justj.openjdk.hotspot.jre.full.win32.x86_64_17.0.7.v20230425-1502\jre\bin\nio.dll
0x00000131e0eb0000 - 0x00000131e0eb3000 	C:\Program Files\JavaFX\javafx-sdk-20.0.1\bin\api-ms-win-core-console-l1-1-0.dll
0x00000131e0ec0000 - 0x00000131e0ec3000 	C:\Program Files\JavaFX\javafx-sdk-20.0.1\bin\api-ms-win-core-console-l1-2-0.dll
0x00000131e0ed0000 - 0x00000131e0ed3000 	C:\Program Files\JavaFX\javafx-sdk-20.0.1\bin\api-ms-win-core-datetime-l1-1-0.dll
0x00000131e0ee0000 - 0x00000131e0ee3000 	C:\Program Files\JavaFX\javafx-sdk-20.0.1\bin\api-ms-win-core-debug-l1-1-0.dll
0x00000131e0ef0000 - 0x00000131e0ef3000 	C:\Program Files\JavaFX\javafx-sdk-20.0.1\bin\api-ms-win-core-errorhandling-l1-1-0.dll
0x00000131e0f00000 - 0x00000131e0f04000 	C:\Program Files\JavaFX\javafx-sdk-20.0.1\bin\api-ms-win-core-file-l1-1-0.dll
0x00000131e0f10000 - 0x00000131e0f13000 	C:\Program Files\JavaFX\javafx-sdk-20.0.1\bin\api-ms-win-core-file-l1-2-0.dll
0x00000131e0f20000 - 0x00000131e0f23000 	C:\Program Files\JavaFX\javafx-sdk-20.0.1\bin\api-ms-win-core-file-l2-1-0.dll
0x00000131e0f30000 - 0x00000131e0f33000 	C:\Program Files\JavaFX\javafx-sdk-20.0.1\bin\api-ms-win-core-handle-l1-1-0.dll
0x00000131e0f40000 - 0x00000131e0f43000 	C:\Program Files\JavaFX\javafx-sdk-20.0.1\bin\api-ms-win-core-heap-l1-1-0.dll
0x00000131e0f50000 - 0x00000131e0f53000 	C:\Program Files\JavaFX\javafx-sdk-20.0.1\bin\api-ms-win-core-interlocked-l1-1-0.dll
0x00000131e0f60000 - 0x00000131e0f63000 	C:\Program Files\JavaFX\javafx-sdk-20.0.1\bin\api-ms-win-core-libraryloader-l1-1-0.dll
0x00000131e0f70000 - 0x00000131e0f73000 	C:\Program Files\JavaFX\javafx-sdk-20.0.1\bin\api-ms-win-core-localization-l1-2-0.dll
0x00000131e0f80000 - 0x00000131e0f83000 	C:\Program Files\JavaFX\javafx-sdk-20.0.1\bin\api-ms-win-core-memory-l1-1-0.dll
0x00000131e0f90000 - 0x00000131e0f93000 	C:\Program Files\JavaFX\javafx-sdk-20.0.1\bin\api-ms-win-core-namedpipe-l1-1-0.dll
0x00000131e0fa0000 - 0x00000131e0fa3000 	C:\Program Files\JavaFX\javafx-sdk-20.0.1\bin\api-ms-win-core-processenvironment-l1-1-0.dll
0x00000131e0fb0000 - 0x00000131e0fb3000 	C:\Program Files\JavaFX\javafx-sdk-20.0.1\bin\api-ms-win-core-processthreads-l1-1-0.dll
0x00000131e0fc0000 - 0x00000131e0fc3000 	C:\Program Files\JavaFX\javafx-sdk-20.0.1\bin\api-ms-win-core-processthreads-l1-1-1.dll
0x00000131e0fd0000 - 0x00000131e0fd3000 	C:\Program Files\JavaFX\javafx-sdk-20.0.1\bin\api-ms-win-core-profile-l1-1-0.dll
0x00000131e0fe0000 - 0x00000131e0fe3000 	C:\Program Files\JavaFX\javafx-sdk-20.0.1\bin\api-ms-win-core-rtlsupport-l1-1-0.dll
0x00000131e0ff0000 - 0x00000131e0ff3000 	C:\Program Files\JavaFX\javafx-sdk-20.0.1\bin\api-ms-win-core-string-l1-1-0.dll
0x00000131e5000000 - 0x00000131e5003000 	C:\Program Files\JavaFX\javafx-sdk-20.0.1\bin\api-ms-win-core-synch-l1-1-0.dll
0x00000131e5010000 - 0x00000131e5013000 	C:\Program Files\JavaFX\javafx-sdk-20.0.1\bin\api-ms-win-core-synch-l1-2-0.dll
0x00000131e5020000 - 0x00000131e5023000 	C:\Program Files\JavaFX\javafx-sdk-20.0.1\bin\api-ms-win-core-sysinfo-l1-1-0.dll
0x00000131e5030000 - 0x00000131e5033000 	C:\Program Files\JavaFX\javafx-sdk-20.0.1\bin\api-ms-win-core-timezone-l1-1-0.dll
0x00000131e5040000 - 0x00000131e5043000 	C:\Program Files\JavaFX\javafx-sdk-20.0.1\bin\api-ms-win-core-util-l1-1-0.dll
0x00000131e5050000 - 0x00000131e5053000 	C:\Program Files\JavaFX\javafx-sdk-20.0.1\bin\api-ms-win-crt-conio-l1-1-0.dll
0x00000131e5060000 - 0x00000131e5064000 	C:\Program Files\JavaFX\javafx-sdk-20.0.1\bin\api-ms-win-crt-convert-l1-1-0.dll
0x00000131e5070000 - 0x00000131e5073000 	C:\Program Files\JavaFX\javafx-sdk-20.0.1\bin\api-ms-win-crt-environment-l1-1-0.dll
0x00000131e5080000 - 0x00000131e5083000 	C:\Program Files\JavaFX\javafx-sdk-20.0.1\bin\api-ms-win-crt-filesystem-l1-1-0.dll
0x00000131e5090000 - 0x00000131e5093000 	C:\Program Files\JavaFX\javafx-sdk-20.0.1\bin\api-ms-win-crt-heap-l1-1-0.dll
0x00000131e50a0000 - 0x00000131e50a3000 	C:\Program Files\JavaFX\javafx-sdk-20.0.1\bin\api-ms-win-crt-locale-l1-1-0.dll
0x00000131e50b0000 - 0x00000131e50b5000 	C:\Program Files\JavaFX\javafx-sdk-20.0.1\bin\api-ms-win-crt-math-l1-1-0.dll
0x00000131e50c0000 - 0x00000131e50c5000 	C:\Program Files\JavaFX\javafx-sdk-20.0.1\bin\api-ms-win-crt-multibyte-l1-1-0.dll
0x00000131e50d0000 - 0x00000131e50e0000 	C:\Program Files\JavaFX\javafx-sdk-20.0.1\bin\api-ms-win-crt-private-l1-1-0.dll
0x00000131e50e0000 - 0x00000131e50e3000 	C:\Program Files\JavaFX\javafx-sdk-20.0.1\bin\api-ms-win-crt-process-l1-1-0.dll
0x00000131e50f0000 - 0x00000131e50f4000 	C:\Program Files\JavaFX\javafx-sdk-20.0.1\bin\api-ms-win-crt-runtime-l1-1-0.dll
0x00000131e5100000 - 0x00000131e5104000 	C:\Program Files\JavaFX\javafx-sdk-20.0.1\bin\api-ms-win-crt-stdio-l1-1-0.dll
0x00000131e5110000 - 0x00000131e5114000 	C:\Program Files\JavaFX\javafx-sdk-20.0.1\bin\api-ms-win-crt-string-l1-1-0.dll
0x00000131e5120000 - 0x00000131e5123000 	C:\Program Files\JavaFX\javafx-sdk-20.0.1\bin\api-ms-win-crt-time-l1-1-0.dll
0x00000131e5130000 - 0x00000131e5133000 	C:\Program Files\JavaFX\javafx-sdk-20.0.1\bin\api-ms-win-crt-utility-l1-1-0.dll
0x00007ffb2f6e0000 - 0x00007ffb2f7dc000 	C:\Program Files\JavaFX\javafx-sdk-20.0.1\bin\ucrtbase.dll
0x00007ffb489d0000 - 0x00007ffb489eb000 	C:\Program Files\JavaFX\javafx-sdk-20.0.1\bin\vcruntime140.dll
0x00007ffb6ec70000 - 0x00007ffb6ec7c000 	C:\Program Files\JavaFX\javafx-sdk-20.0.1\bin\vcruntime140_1.dll
0x00007ffb2f310000 - 0x00007ffb2f39e000 	C:\Program Files\JavaFX\javafx-sdk-20.0.1\bin\msvcp140.dll
0x00007ffb6ebb0000 - 0x00007ffb6ebb9000 	C:\Program Files\JavaFX\javafx-sdk-20.0.1\bin\msvcp140_1.dll
0x00007ffb41340000 - 0x00007ffb41370000 	C:\Program Files\JavaFX\javafx-sdk-20.0.1\bin\msvcp140_2.dll
0x00007ffb40c80000 - 0x00007ffb40caf000 	C:\Program Files\JavaFX\javafx-sdk-20.0.1\bin\prism_d3d.dll
0x00007ffb73bf0000 - 0x00007ffb73d96000 	C:\WINDOWS\system32\d3d9.dll
0x00007ffb840c0000 - 0x00007ffb840ef000 	C:\WINDOWS\SYSTEM32\dwmapi.dll
0x00007ffb83db0000 - 0x00007ffb83de8000 	C:\WINDOWS\SYSTEM32\dxcore.dll
0x00007ffb83ca0000 - 0x00007ffb83d4c000 	C:\WINDOWS\system32\uxtheme.dll
0x00007ffb40b20000 - 0x00007ffb40c7d000 	C:\WINDOWS\System32\DriverStore\FileRepository\iigd_dch.inf_amd64_2b7bcff446ea567f\igdumdim64.dll
0x00007ffae0c80000 - 0x00007ffae4552000 	C:\WINDOWS\System32\DriverStore\FileRepository\iigd_dch.inf_amd64_2b7bcff446ea567f\igd9dxva64.dll
0x00007ffb8a390000 - 0x00007ffb8a52a000 	C:\WINDOWS\System32\ole32.dll
0x00007ffb8a930000 - 0x00007ffb8aa06000 	C:\WINDOWS\System32\OLEAUT32.dll
0x00007ffb8b230000 - 0x00007ffb8b69c000 	C:\WINDOWS\System32\SETUPAPI.dll
0x00007ffb896a0000 - 0x00007ffb896ec000 	C:\WINDOWS\SYSTEM32\cfgmgr32.dll
0x00007ffb7b810000 - 0x00007ffb7b9b5000 	C:\WINDOWS\System32\DriverStore\FileRepository\iigd_dch.inf_amd64_2b7bcff446ea567f\igdgmm64.dll
0x00007ffb80720000 - 0x00007ffb80764000 	C:\WINDOWS\SYSTEM32\directxdatabasehelper.dll
0x00007ffb88ae0000 - 0x00007ffb88b14000 	C:\WINDOWS\SYSTEM32\ntmarta.dll
0x00007ffb408c0000 - 0x00007ffb40902000 	C:\Program Files\JavaFX\javafx-sdk-20.0.1\bin\glass.dll
0x00007ffb8aa10000 - 0x00007ffb8aafc000 	C:\WINDOWS\System32\COMDLG32.dll
0x00007ffb8b070000 - 0x00007ffb8b18d000 	C:\WINDOWS\System32\MSCTF.dll
0x00007ffb2c130000 - 0x00007ffb2c156000 	C:\WINDOWS\System32\DriverStore\FileRepository\iigd_dch.inf_amd64_2b7bcff446ea567f\igdinfo64.dll
0x00007ffb78d00000 - 0x00007ffb7b7b6000 	C:\WINDOWS\System32\DriverStore\FileRepository\iigd_dch.inf_amd64_2b7bcff446ea567f\igc64.dll
0x00007ffb45030000 - 0x00007ffb45044000 	C:\Program Files\JavaFX\javafx-sdk-20.0.1\bin\javafx_font.dll
0x00007ffb3f750000 - 0x00007ffb3f9af000 	C:\WINDOWS\SYSTEM32\dwrite.dll
0x00007ffb35230000 - 0x00007ffb3525d000 	C:\Program Files\JavaFX\javafx-sdk-20.0.1\bin\javafx_iio.dll
0x00007ffb8acb0000 - 0x00007ffb8ad5f000 	C:\WINDOWS\System32\clbcatq.dll
0x00007ffb7e630000 - 0x00007ffb7e7de000 	C:\WINDOWS\SYSTEM32\WindowsCodecs.dll
0x00007ffb402f0000 - 0x00007ffb4034d000 	C:\WINDOWS\system32\dataexchange.dll
0x00007ffb7e0b0000 - 0x00007ffb7e316000 	C:\WINDOWS\system32\twinapi.appcore.dll
0x00007ffb42fe0000 - 0x00007ffb43012000 	C:\Program Files\Common Files\Microsoft Shared\Ink\rtscom.dll
0x00007ffb43020000 - 0x00007ffb4314c000 	C:\WINDOWS\SYSTEM32\textinputframework.dll
0x00007ffb836a0000 - 0x00007ffb837d1000 	C:\WINDOWS\SYSTEM32\CoreMessaging.dll
0x00007ffb7f6c0000 - 0x00007ffb7fa2d000 	C:\WINDOWS\SYSTEM32\CoreUIComponents.dll
0x00007ffb89250000 - 0x00007ffb8925c000 	C:\WINDOWS\SYSTEM32\CRYPTBASE.DLL
0x00007ffb82140000 - 0x00007ffb826f8000 	C:\WINDOWS\SYSTEM32\d2d1.dll
0x00007ffb7f050000 - 0x00007ffb7f2d0000 	C:\WINDOWS\SYSTEM32\d3d11.dll
0x00007ffb83df0000 - 0x00007ffb83ee3000 	C:\WINDOWS\SYSTEM32\dxgi.dll
0x00007ffb7e8d0000 - 0x00007ffb7efd2000 	C:\WINDOWS\SYSTEM32\D3D10Warp.dll
0x00007ffb885a0000 - 0x00007ffb88688000 	C:\WINDOWS\SYSTEM32\DNSAPI.dll
0x00007ffb88570000 - 0x00007ffb8859d000 	C:\WINDOWS\SYSTEM32\IPHLPAPI.DLL
0x00007ffb8b020000 - 0x00007ffb8b029000 	C:\WINDOWS\System32\NSI.dll

dbghelp: loaded successfully - version: 4.0.5 - missing functions: none
symbol engine: initialized successfully - sym options: 0x614 - pdb path: .;C:\Users\Acer\.p2\pool\plugins\org.eclipse.justj.openjdk.hotspot.jre.full.win32.x86_64_17.0.7.v20230425-1502\jre\bin;C:\WINDOWS\SYSTEM32;C:\WINDOWS\WinSxS\amd64_microsoft.windows.common-controls_6595b64144ccf1df_6.0.22000.120_none_9d947278b86cc467;C:\Users\Acer\.p2\pool\plugins\org.eclipse.justj.openjdk.hotspot.jre.full.win32.x86_64_17.0.7.v20230425-1502\jre\bin\server;C:\Program Files\JavaFX\javafx-sdk-20.0.1\bin;C:\WINDOWS\System32\DriverStore\FileRepository\iigd_dch.inf_amd64_2b7bcff446ea567f;C:\Program Files\Common Files\Microsoft Shared\Ink;C:\Program Files\Bonjour

VM Arguments:
jvm_args: --module-path=C:\Program Files\JavaFX\javafx-sdk-20.0.1\lib --add-modules=javafx.controls,javafx.fxml -Dfile.encoding=UTF-8 -XX:+ShowCodeDetailsInExceptionMessages 
java_command: application.Main
java_class_path (initial): C:\Users\Acer\eclipse-workspace_JavaFX\PansiyonOtamasyonu\bin;C:\Program Files\JavaFX\mysql\mysql-connector-j-8.0.33\mysql-connector-j-8.0.33.jar
Launcher Type: SUN_STANDARD

[Global flags]
     intx CICompilerCount                          = 4                                         {product} {ergonomic}
     uint ConcGCThreads                            = 3                                         {product} {ergonomic}
     uint G1ConcRefinementThreads                  = 10                                        {product} {ergonomic}
   size_t G1HeapRegionSize                         = 1048576                                   {product} {ergonomic}
    uintx GCDrainStackTargetSize                   = 64                                        {product} {ergonomic}
   size_t InitialHeapSize                          = 65011712                                  {product} {ergonomic}
   size_t MarkStackSize                            = 4194304                                   {product} {ergonomic}
   size_t MaxHeapSize                              = 1031798784                                {product} {ergonomic}
   size_t MaxNewSize                               = 618659840                                 {product} {ergonomic}
   size_t MinHeapDeltaBytes                        = 1048576                                   {product} {ergonomic}
   size_t MinHeapSize                              = 8388608                                   {product} {ergonomic}
    uintx NonNMethodCodeHeapSize                   = 5839372                                {pd product} {ergonomic}
    uintx NonProfiledCodeHeapSize                  = 122909434                              {pd product} {ergonomic}
    uintx ProfiledCodeHeapSize                     = 122909434                              {pd product} {ergonomic}
    uintx ReservedCodeCacheSize                    = 251658240                              {pd product} {ergonomic}
     bool SegmentedCodeCache                       = true                                      {product} {ergonomic}
     bool ShowCodeDetailsInExceptionMessages       = true                                   {manageable} {command line}
   size_t SoftMaxHeapSize                          = 1031798784                             {manageable} {ergonomic}
     bool UseCompressedClassPointers               = true                           {product lp64_product} {ergonomic}
     bool UseCompressedOops                        = true                           {product lp64_product} {ergonomic}
     bool UseG1GC                                  = true                                      {product} {ergonomic}
     bool UseLargePagesIndividualAllocation        = false                                  {pd product} {ergonomic}

Logging:
Log output configuration:
 #0: stdout all=warning uptime,level,tags
 #1: stderr all=off uptime,level,tags

Environment Variables:
PATH=C:/Users/Acer/.p2/pool/plugins/org.eclipse.justj.openjdk.hotspot.jre.full.win32.x86_64_17.0.7.v20230425-1502/jre/bin/server;C:/Users/Acer/.p2/pool/plugins/org.eclipse.justj.openjdk.hotspot.jre.full.win32.x86_64_17.0.7.v20230425-1502/jre/bin;C:\Program Files\Common Files\Oracle\Java\javapath;C:\Windows\system32;C:\Windows;C:\Windows\System32\Wbem;C:\Windows\System32\WindowsPowerShell\v1.0\;C:\Windows\System32\OpenSSH\;C:\Program Files (x86)\NVIDIA Corporation\PhysX\Common;C:\Program Files\NVIDIA Corporation\NVIDIA NvDLISR;C:\WINDOWS\system32;C:\WINDOWS;C:\WINDOWS\System32\Wbem;C:\WINDOWS\System32\WindowsPowerShell\v1.0\;C:\WINDOWS\System32\OpenSSH\;C:\Program Files\dotnet\;C:\Program Files\Microsoft SQL Server\Client SDK\ODBC\170\Tools\Binn\;C:\Program Files (x86)\Microsoft SQL Server\150\Tools\Binn\;C:\Program Files\Microsoft SQL Server\150\Tools\Binn\;C:\Program Files\Microsoft SQL Server\150\DTS\Binn\;C:\Program Files\Azure Data Studio\bin;C:\Program Files\Microsoft SQL Server\130\Tools\Binn\;C:\Program Files (x86)\Microsoft SQL Server\150\DTS\Binn\;C:\Program Files (x86)\dotnet\;C:\Program Files\Git\cmd;C:\Users\Acer\AppData\Local\Microsoft\WindowsApps;C:\Users\Acer\AppData\Local\Programs\Microsoft VS Code\bin;C:\Users\Acer\.dotnet\tools;C:\Program Files\Azure Data Studio\bin;C:\Users\Acer\AppData\Local\GitHubDesktop\bin;C:\AppServ\Apache24\bin;C:\AppServ\php7;C:\AppServ\MySQL\bin;C:\AppServ\Apache24\bin;C:\AppServ\php7;C:\AppServ\MySQL\bin;C:\Users\Acer\eclipse\java-2023-03\eclipse;
USERNAME=Acer
OS=Windows_NT
PROCESSOR_IDENTIFIER=Intel64 Family 6 Model 158 Stepping 10, GenuineIntel
TMP=C:\Users\Acer\AppData\Local\Temp
TEMP=C:\Users\Acer\AppData\Local\Temp



---------------  S Y S T E M  ---------------

OS:
 Windows 11 , 64 bit Build 22000 (10.0.22000.1880)
OS uptime: 22 days 10:47 hours

CPU: total 12 (initial active 12) (6 cores per cpu, 2 threads per core) family 6 model 158 stepping 10 microcode 0xde, cx8, cmov, fxsr, ht, mmx, 3dnowpref, sse, sse2, sse3, ssse3, sse4.1, sse4.2, popcnt, lzcnt, tsc, tscinvbit, avx, avx2, aes, erms, clmul, bmi1, bmi2, adx, fma, vzeroupper, clflush, clflushopt

Memory: 4k page, system-wide physical 3933M (54M free)
TotalPageFile size 16221M (AvailPageFile size 4M)
current process WorkingSet (physical memory assigned to process): 322M, peak: 322M
current process commit charge ("private bytes"): 414M, peak: 417M

vm_info: OpenJDK 64-Bit Server VM (17.0.7+7) for windows-amd64 JRE (17.0.7+7), built on Apr 18 2023 22:10:42 by "temurin" with MS VC++ 16.7 (VS2019)

END.
