#
# There is insufficient memory for the Java Runtime Environment to continue.
# Native memory allocation (malloc) failed to allocate 3308992 bytes for Chunk::new
# Possible reasons:
#   The system is out of physical RAM or swap space
#   The process is running with CompressedOops enabled, and the Java Heap may be blocking the growth of the native heap
# Possible solutions:
#   Reduce memory load on the system
#   Increase physical memory or swap space
#   Check if swap backing store is full
#   Decrease Java heap size (-Xmx/-Xms)
#   Decrease number of Java threads
#   Decrease Java thread stack sizes (-Xss)
#   Set larger code cache with -XX:ReservedCodeCacheSize=
#   JVM is running with Unscaled Compressed Oops mode in which the Java heap is
#     placed in the first 4GB address space. The Java Heap base address is the
#     maximum limit for the native heap growth. Please use -XX:HeapBaseMinAddress
#     to set the Java Heap base and to place the Java Heap above 4GB virtual address.
# This output file may be truncated or incomplete.
#
#  Out of Memory Error (arena.cpp:189), pid=32816, tid=102612
#
# JRE version: OpenJDK Runtime Environment Temurin-17.0.7+7 (17.0.7+7) (build 17.0.7+7)
# Java VM: OpenJDK 64-Bit Server VM Temurin-17.0.7+7 (17.0.7+7, mixed mode, tiered, compressed oops, compressed class ptrs, g1 gc, windows-amd64)
# No core dump will be written. Minidumps are not enabled by default on client versions of Windows
#

---------------  S U M M A R Y ------------

Command Line: --module-path=C:\Program Files\JavaFX\javafx-sdk-20.0.1\lib --add-modules=javafx.controls,javafx.fxml -Dfile.encoding=UTF-8 -XX:+ShowCodeDetailsInExceptionMessages application.Main

Host: Intel(R) Core(TM) i7-9750H CPU @ 2.60GHz, 12 cores, 3G,  Windows 11 , 64 bit Build 22000 (10.0.22000.1880)
Time: Thu Jun 22 23:06:48 2023 Türkiye Standart Saati elapsed time: 32.704574 seconds (0d 0h 0m 32s)

---------------  T H R E A D  ---------------

Current thread (0x000001e5f9437400):  JavaThread "C2 CompilerThread0" daemon [_thread_in_native, id=102612, stack(0x0000003320100000,0x0000003320200000)]


Current CompileTask:
C2:  32704 4881   !   4       javafx.scene.CssStyleHelper::transitionToState (1039 bytes)

Stack: [0x0000003320100000,0x0000003320200000]
Native frames: (J=compiled Java code, j=interpreted, Vv=VM code, C=native code)
V  [jvm.dll+0x67754a]
V  [jvm.dll+0x834304]
V  [jvm.dll+0x835aae]
V  [jvm.dll+0x836113]
V  [jvm.dll+0x24696f]
V  [jvm.dll+0xac0ac]
V  [jvm.dll+0xac67c]
V  [jvm.dll+0x364e37]
V  [jvm.dll+0x32f6b1]
V  [jvm.dll+0x32eb5a]
V  [jvm.dll+0x219641]
V  [jvm.dll+0x218a61]
V  [jvm.dll+0x1a4d8d]
V  [jvm.dll+0x2284da]
V  [jvm.dll+0x226615]
V  [jvm.dll+0x7ea90b]
V  [jvm.dll+0x7e4e7a]
V  [jvm.dll+0x676395]
C  [ucrtbase.dll+0x26c0c]
C  [KERNEL32.DLL+0x155a0]
C  [ntdll.dll+0x485b]


---------------  P R O C E S S  ---------------

Threads class SMR info:
_java_thread_list=0x000001e5932c1d50, length=20, elements={
0x000001e5ee47b210, 0x000001e5f92a71c0, 0x000001e5f92aa9a0, 0x000001e5f9432010,
0x000001e5f94326e0, 0x000001e5f9434cb0, 0x000001e5f9436c00, 0x000001e5f9437400,
0x000001e5f9437910, 0x000001e5f9310420, 0x000001e5f9468dd0, 0x000001e5f96e9ef0,
0x000001e5f981e560, 0x000001e5fe166c40, 0x000001e5fe167110, 0x000001e5fe3d0f00,
0x000001e5fe3d13d0, 0x000001e5fe7e7860, 0x000001e5930a9fe0, 0x000001e593fc8940
}

Java Threads: ( => current thread )
  0x000001e5ee47b210 JavaThread "main" [_thread_blocked, id=28092, stack(0x000000331f400000,0x000000331f500000)]
  0x000001e5f92a71c0 JavaThread "Reference Handler" daemon [_thread_blocked, id=61596, stack(0x000000331fb00000,0x000000331fc00000)]
  0x000001e5f92aa9a0 JavaThread "Finalizer" daemon [_thread_blocked, id=97264, stack(0x000000331fc00000,0x000000331fd00000)]
  0x000001e5f9432010 JavaThread "Signal Dispatcher" daemon [_thread_blocked, id=2156, stack(0x000000331fd00000,0x000000331fe00000)]
  0x000001e5f94326e0 JavaThread "Attach Listener" daemon [_thread_blocked, id=99244, stack(0x000000331fe00000,0x000000331ff00000)]
  0x000001e5f9434cb0 JavaThread "Service Thread" daemon [_thread_blocked, id=66844, stack(0x000000331ff00000,0x0000003320000000)]
  0x000001e5f9436c00 JavaThread "Monitor Deflation Thread" daemon [_thread_blocked, id=104580, stack(0x0000003320000000,0x0000003320100000)]
=>0x000001e5f9437400 JavaThread "C2 CompilerThread0" daemon [_thread_in_native, id=102612, stack(0x0000003320100000,0x0000003320200000)]
  0x000001e5f9437910 JavaThread "C1 CompilerThread0" daemon [_thread_blocked, id=103932, stack(0x0000003320200000,0x0000003320300000)]
  0x000001e5f9310420 JavaThread "Sweeper thread" daemon [_thread_blocked, id=61960, stack(0x0000003320300000,0x0000003320400000)]
  0x000001e5f9468dd0 JavaThread "Common-Cleaner" daemon [_thread_blocked, id=83620, stack(0x0000003320400000,0x0000003320500000)]
  0x000001e5f96e9ef0 JavaThread "Notification Thread" daemon [_thread_blocked, id=35036, stack(0x0000003320500000,0x0000003320600000)]
  0x000001e5f981e560 JavaThread "QuantumRenderer-0" daemon [_thread_blocked, id=97004, stack(0x0000003320700000,0x0000003320800000)]
  0x000001e5fe166c40 JavaThread "InvokeLaterDispatcher" daemon [_thread_blocked, id=34008, stack(0x0000003320800000,0x0000003320900000)]
  0x000001e5fe167110 JavaThread "JavaFX Application Thread" [_thread_in_native, id=103620, stack(0x0000003320900000,0x0000003320a00000)]
  0x000001e5fe3d0f00 JavaThread "Thread-1" daemon [_thread_in_native, id=101092, stack(0x0000003320d00000,0x0000003320e00000)]
  0x000001e5fe3d13d0 JavaThread "JavaFX-Launcher" [_thread_blocked, id=98344, stack(0x0000003320e00000,0x0000003320f00000)]
  0x000001e5fe7e7860 JavaThread "Prism Font Disposer" daemon [_thread_blocked, id=66836, stack(0x0000003321400000,0x0000003321500000)]
  0x000001e5930a9fe0 JavaThread "Cleaner-0" daemon [_thread_blocked, id=61492, stack(0x0000003321b00000,0x0000003321c00000)]
  0x000001e593fc8940 JavaThread "mysql-cj-abandoned-connection-cleanup" daemon [_thread_blocked, id=97992, stack(0x0000003322200000,0x0000003322300000)]

Other Threads:
  0x000001e5f92a2620 VMThread "VM Thread" [stack: 0x000000331fa00000,0x000000331fb00000] [id=99680]
  0x000001e5f96ea3c0 WatcherThread [stack: 0x0000003320600000,0x0000003320700000] [id=101976]
  0x000001e5f060bf40 GCTaskThread "GC Thread#0" [stack: 0x000000331f500000,0x000000331f600000] [id=97740]
  0x000001e5fe3f8b30 GCTaskThread "GC Thread#1" [stack: 0x0000003320f00000,0x0000003321000000] [id=5464]
  0x000001e5fe421420 GCTaskThread "GC Thread#2" [stack: 0x0000003321000000,0x0000003321100000] [id=35716]
  0x000001e5fe4216d0 GCTaskThread "GC Thread#3" [stack: 0x0000003321100000,0x0000003321200000] [id=92884]
  0x000001e5fe45dcd0 GCTaskThread "GC Thread#4" [stack: 0x0000003321200000,0x0000003321300000] [id=101072]
  0x000001e5fe4490a0 GCTaskThread "GC Thread#5" [stack: 0x0000003321300000,0x0000003321400000] [id=103836]
  0x000001e593152910 GCTaskThread "GC Thread#6" [stack: 0x0000003321c00000,0x0000003321d00000] [id=97408]
  0x000001e5931518f0 GCTaskThread "GC Thread#7" [stack: 0x0000003321d00000,0x0000003321e00000] [id=93844]
  0x000001e593151e50 GCTaskThread "GC Thread#8" [stack: 0x0000003321e00000,0x0000003321f00000] [id=95152]
  0x000001e593152bc0 GCTaskThread "GC Thread#9" [stack: 0x0000003321f00000,0x0000003322000000] [id=92876]
  0x000001e5f0614ae0 ConcurrentGCThread "G1 Main Marker" [stack: 0x000000331f600000,0x000000331f700000] [id=61980]
  0x000001e5f0617b50 ConcurrentGCThread "G1 Conc#0" [stack: 0x000000331f700000,0x000000331f800000] [id=104168]
  0x000001e593152e70 ConcurrentGCThread "G1 Conc#1" [stack: 0x0000003322000000,0x0000003322100000] [id=105184]
  0x000001e593151640 ConcurrentGCThread "G1 Conc#2" [stack: 0x0000003322100000,0x0000003322200000] [id=105180]
  0x000001e5f0671090 ConcurrentGCThread "G1 Refine#0" [stack: 0x000000331f800000,0x000000331f900000] [id=104020]
  0x000001e5f0671560 ConcurrentGCThread "G1 Service" [stack: 0x000000331f900000,0x000000331fa00000] [id=104328]

Threads with active compile tasks:
C2 CompilerThread0    32752 4881   !   4       javafx.scene.CssStyleHelper::transitionToState (1039 bytes)

VM state: not at safepoint (normal execution)

VM Mutex/Monitor currently owned by a thread: None

Heap address: 0x00000000c2800000, size: 984 MB, Compressed Oops mode: 32-bit

CDS archive(s) not mapped
Compressed class space mapped at: 0x0000000100000000-0x0000000140000000, reserved size: 1073741824
Narrow klass base: 0x0000000000000000, Narrow klass shift: 3, Narrow klass range: 0x140000000

GC Precious Log:
 CPUs: 12 total, 12 available
 Memory: 3933M
 Large Page Support: Disabled
 NUMA Support: Disabled
 Compressed Oops: Enabled (32-bit)
 Heap Region Size: 1M
 Heap Min Capacity: 8M
 Heap Initial Capacity: 62M
 Heap Max Capacity: 984M
 Pre-touch: Disabled
 Parallel Workers: 10
 Concurrent Workers: 3
 Concurrent Refinement Workers: 10
 Periodic GC: Disabled

Heap:
 garbage-first heap   total 169984K, used 97343K [0x00000000c2800000, 0x0000000100000000)
  region size 1024K, 28 young (28672K), 4 survivors (4096K)
 Metaspace       used 32063K, committed 32320K, reserved 1114112K
  class space    used 4105K, committed 4224K, reserved 1048576K

Heap Regions: E=young(eden), S=young(survivor), O=old, HS=humongous(starts), HC=humongous(continues), CS=collection set, F=free, OA=open archive, CA=closed archive, TAMS=top-at-mark-start (previous, next)
|   0|0x00000000c2800000, 0x00000000c2900000, 0x00000000c2900000|100%|HS|  |TAMS 0x00000000c2800000, 0x00000000c2800000| Complete 
|   1|0x00000000c2900000, 0x00000000c2a00000, 0x00000000c2a00000|100%| O|  |TAMS 0x00000000c2a00000, 0x00000000c2a00000| Untracked 
|   2|0x00000000c2a00000, 0x00000000c2b00000, 0x00000000c2b00000|100%|HS|  |TAMS 0x00000000c2b00000, 0x00000000c2b00000| Complete 
|   3|0x00000000c2b00000, 0x00000000c2c00000, 0x00000000c2c00000|100%|HC|  |TAMS 0x00000000c2c00000, 0x00000000c2c00000| Complete 
|   4|0x00000000c2c00000, 0x00000000c2d00000, 0x00000000c2d00000|100%|HC|  |TAMS 0x00000000c2d00000, 0x00000000c2d00000| Complete 
|   5|0x00000000c2d00000, 0x00000000c2e00000, 0x00000000c2e00000|100%|HS|  |TAMS 0x00000000c2d00000, 0x00000000c2d00000| Complete 
|   6|0x00000000c2e00000, 0x00000000c2f00000, 0x00000000c2f00000|100%|HC|  |TAMS 0x00000000c2e00000, 0x00000000c2e00000| Complete 
|   7|0x00000000c2f00000, 0x00000000c3000000, 0x00000000c3000000|100%|HC|  |TAMS 0x00000000c2f00000, 0x00000000c2f00000| Complete 
|   8|0x00000000c3000000, 0x00000000c3100000, 0x00000000c3100000|100%|HC|  |TAMS 0x00000000c3000000, 0x00000000c3000000| Complete 
|   9|0x00000000c3100000, 0x00000000c3200000, 0x00000000c3200000|100%|HC|  |TAMS 0x00000000c3100000, 0x00000000c3100000| Complete 
|  10|0x00000000c3200000, 0x00000000c3300000, 0x00000000c3300000|100%|HS|  |TAMS 0x00000000c3200000, 0x00000000c3200000| Complete 
|  11|0x00000000c3300000, 0x00000000c3400000, 0x00000000c3400000|100%|HS|  |TAMS 0x00000000c3300000, 0x00000000c3300000| Complete 
|  12|0x00000000c3400000, 0x00000000c3500000, 0x00000000c3500000|100%| O|  |TAMS 0x00000000c3500000, 0x00000000c3500000| Untracked 
|  13|0x00000000c3500000, 0x00000000c3600000, 0x00000000c3600000|100%| O|  |TAMS 0x00000000c3600000, 0x00000000c3600000| Untracked 
|  14|0x00000000c3600000, 0x00000000c3700000, 0x00000000c3700000|100%| O|  |TAMS 0x00000000c3700000, 0x00000000c3700000| Untracked 
|  15|0x00000000c3700000, 0x00000000c3800000, 0x00000000c3800000|100%|HS|  |TAMS 0x00000000c3800000, 0x00000000c3800000| Complete 
|  16|0x00000000c3800000, 0x00000000c3900000, 0x00000000c3900000|100%|HC|  |TAMS 0x00000000c3900000, 0x00000000c3900000| Complete 
|  17|0x00000000c3900000, 0x00000000c3a00000, 0x00000000c3a00000|100%|HC|  |TAMS 0x00000000c3a00000, 0x00000000c3a00000| Complete 
|  18|0x00000000c3a00000, 0x00000000c3b00000, 0x00000000c3b00000|100%|HC|  |TAMS 0x00000000c3b00000, 0x00000000c3b00000| Complete 
|  19|0x00000000c3b00000, 0x00000000c3c00000, 0x00000000c3c00000|100%|HC|  |TAMS 0x00000000c3c00000, 0x00000000c3c00000| Complete 
|  20|0x00000000c3c00000, 0x00000000c3d00000, 0x00000000c3d00000|100%|HS|  |TAMS 0x00000000c3d00000, 0x00000000c3d00000| Complete 
|  21|0x00000000c3d00000, 0x00000000c3e00000, 0x00000000c3e00000|100%|HC|  |TAMS 0x00000000c3e00000, 0x00000000c3e00000| Complete 
|  22|0x00000000c3e00000, 0x00000000c3f00000, 0x00000000c3f00000|100%|HC|  |TAMS 0x00000000c3f00000, 0x00000000c3f00000| Complete 
|  23|0x00000000c3f00000, 0x00000000c4000000, 0x00000000c4000000|100%|HC|  |TAMS 0x00000000c4000000, 0x00000000c4000000| Complete 
|  24|0x00000000c4000000, 0x00000000c4100000, 0x00000000c4100000|100%|HC|  |TAMS 0x00000000c4100000, 0x00000000c4100000| Complete 
|  25|0x00000000c4100000, 0x00000000c4200000, 0x00000000c4200000|100%| O|  |TAMS 0x00000000c4200000, 0x00000000c4200000| Untracked 
|  26|0x00000000c4200000, 0x00000000c4300000, 0x00000000c4300000|100%| O|  |TAMS 0x00000000c4300000, 0x00000000c4300000| Untracked 
|  27|0x00000000c4300000, 0x00000000c4400000, 0x00000000c4400000|100%| O|  |TAMS 0x00000000c4400000, 0x00000000c4400000| Untracked 
|  28|0x00000000c4400000, 0x00000000c4500000, 0x00000000c4500000|100%|HS|  |TAMS 0x00000000c4500000, 0x00000000c4500000| Complete 
|  29|0x00000000c4500000, 0x00000000c4600000, 0x00000000c4600000|100%|HC|  |TAMS 0x00000000c4600000, 0x00000000c4600000| Complete 
|  30|0x00000000c4600000, 0x00000000c4700000, 0x00000000c4700000|100%|HC|  |TAMS 0x00000000c4700000, 0x00000000c4700000| Complete 
|  31|0x00000000c4700000, 0x00000000c4800000, 0x00000000c4800000|100%|HC|  |TAMS 0x00000000c4800000, 0x00000000c4800000| Complete 
|  32|0x00000000c4800000, 0x00000000c4900000, 0x00000000c4900000|100%|HC|  |TAMS 0x00000000c4900000, 0x00000000c4900000| Complete 
|  33|0x00000000c4900000, 0x00000000c4a00000, 0x00000000c4a00000|100%|HS|  |TAMS 0x00000000c4a00000, 0x00000000c4a00000| Complete 
|  34|0x00000000c4a00000, 0x00000000c4b00000, 0x00000000c4b00000|100%|HC|  |TAMS 0x00000000c4b00000, 0x00000000c4b00000| Complete 
|  35|0x00000000c4b00000, 0x00000000c4c00000, 0x00000000c4c00000|100%|HC|  |TAMS 0x00000000c4c00000, 0x00000000c4c00000| Complete 
|  36|0x00000000c4c00000, 0x00000000c4d00000, 0x00000000c4d00000|100%|HC|  |TAMS 0x00000000c4d00000, 0x00000000c4d00000| Complete 
|  37|0x00000000c4d00000, 0x00000000c4e00000, 0x00000000c4e00000|100%|HC|  |TAMS 0x00000000c4e00000, 0x00000000c4e00000| Complete 
|  38|0x00000000c4e00000, 0x00000000c4f00000, 0x00000000c4f00000|100%|HS|  |TAMS 0x00000000c4f00000, 0x00000000c4f00000| Complete 
|  39|0x00000000c4f00000, 0x00000000c5000000, 0x00000000c5000000|100%|HC|  |TAMS 0x00000000c5000000, 0x00000000c5000000| Complete 
|  40|0x00000000c5000000, 0x00000000c5100000, 0x00000000c5100000|100%|HC|  |TAMS 0x00000000c5100000, 0x00000000c5100000| Complete 
|  41|0x00000000c5100000, 0x00000000c5200000, 0x00000000c5200000|100%|HC|  |TAMS 0x00000000c5200000, 0x00000000c5200000| Complete 
|  42|0x00000000c5200000, 0x00000000c5300000, 0x00000000c5300000|100%|HC|  |TAMS 0x00000000c5300000, 0x00000000c5300000| Complete 
|  43|0x00000000c5300000, 0x00000000c5400000, 0x00000000c5400000|100%|HS|  |TAMS 0x00000000c5400000, 0x00000000c5400000| Complete 
|  44|0x00000000c5400000, 0x00000000c5500000, 0x00000000c5500000|100%|HC|  |TAMS 0x00000000c5500000, 0x00000000c5500000| Complete 
|  45|0x00000000c5500000, 0x00000000c5600000, 0x00000000c5600000|100%|HC|  |TAMS 0x00000000c5600000, 0x00000000c5600000| Complete 
|  46|0x00000000c5600000, 0x00000000c5700000, 0x00000000c5700000|100%|HC|  |TAMS 0x00000000c5700000, 0x00000000c5700000| Complete 
|  47|0x00000000c5700000, 0x00000000c5800000, 0x00000000c5800000|100%|HC|  |TAMS 0x00000000c5800000, 0x00000000c5800000| Complete 
|  48|0x00000000c5800000, 0x00000000c5900000, 0x00000000c5900000|100%|HS|  |TAMS 0x00000000c5800000, 0x00000000c5800000| Complete 
|  49|0x00000000c5900000, 0x00000000c5a00000, 0x00000000c5a00000|100%|HC|  |TAMS 0x00000000c5900000, 0x00000000c5900000| Complete 
|  50|0x00000000c5a00000, 0x00000000c5b00000, 0x00000000c5b00000|100%|HC|  |TAMS 0x00000000c5a00000, 0x00000000c5a00000| Complete 
|  51|0x00000000c5b00000, 0x00000000c5c00000, 0x00000000c5c00000|100%|HS|  |TAMS 0x00000000c5b00000, 0x00000000c5b00000| Complete 
|  52|0x00000000c5c00000, 0x00000000c5d00000, 0x00000000c5d00000|100%|HS|  |TAMS 0x00000000c5d00000, 0x00000000c5d00000| Complete 
|  53|0x00000000c5d00000, 0x00000000c5e00000, 0x00000000c5e00000|100%|HS|  |TAMS 0x00000000c5e00000, 0x00000000c5e00000| Complete 
|  54|0x00000000c5e00000, 0x00000000c5f00000, 0x00000000c5f00000|100%|HC|  |TAMS 0x00000000c5f00000, 0x00000000c5f00000| Complete 
|  55|0x00000000c5f00000, 0x00000000c5f91800, 0x00000000c6000000| 56%| O|  |TAMS 0x00000000c5f91800, 0x00000000c5f91800| Untracked 
|  56|0x00000000c6000000, 0x00000000c6100000, 0x00000000c6100000|100%|HS|  |TAMS 0x00000000c6000000, 0x00000000c6000000| Complete 
|  57|0x00000000c6100000, 0x00000000c6200000, 0x00000000c6200000|100%|HC|  |TAMS 0x00000000c6100000, 0x00000000c6100000| Complete 
|  58|0x00000000c6200000, 0x00000000c6300000, 0x00000000c6300000|100%|HC|  |TAMS 0x00000000c6200000, 0x00000000c6200000| Complete 
|  59|0x00000000c6300000, 0x00000000c6400000, 0x00000000c6400000|100%|HC|  |TAMS 0x00000000c6300000, 0x00000000c6300000| Complete 
|  60|0x00000000c6400000, 0x00000000c6500000, 0x00000000c6500000|100%|HC|  |TAMS 0x00000000c6400000, 0x00000000c6400000| Complete 
|  61|0x00000000c6500000, 0x00000000c6600000, 0x00000000c6600000|100%|HS|  |TAMS 0x00000000c6500000, 0x00000000c6500000| Complete 
|  62|0x00000000c6600000, 0x00000000c6700000, 0x00000000c6700000|100%|HC|  |TAMS 0x00000000c6600000, 0x00000000c6600000| Complete 
|  63|0x00000000c6700000, 0x00000000c6800000, 0x00000000c6800000|100%|HC|  |TAMS 0x00000000c6700000, 0x00000000c6700000| Complete 
|  64|0x00000000c6800000, 0x00000000c6900000, 0x00000000c6900000|100%|HC|  |TAMS 0x00000000c6800000, 0x00000000c6800000| Complete 
|  65|0x00000000c6900000, 0x00000000c6a00000, 0x00000000c6a00000|100%|HC|  |TAMS 0x00000000c6900000, 0x00000000c6900000| Complete 
|  66|0x00000000c6a00000, 0x00000000c6b00000, 0x00000000c6b00000|100%|HS|  |TAMS 0x00000000c6a00000, 0x00000000c6a00000| Complete 
|  67|0x00000000c6b00000, 0x00000000c6c00000, 0x00000000c6c00000|100%|HS|  |TAMS 0x00000000c6b00000, 0x00000000c6b00000| Complete 
|  68|0x00000000c6c00000, 0x00000000c6d00000, 0x00000000c6d00000|100%|HC|  |TAMS 0x00000000c6c00000, 0x00000000c6c00000| Complete 
|  69|0x00000000c6d00000, 0x00000000c6d00000, 0x00000000c6e00000|  0%| F|  |TAMS 0x00000000c6d00000, 0x00000000c6d00000| Untracked 
|  70|0x00000000c6e00000, 0x00000000c6e00000, 0x00000000c6f00000|  0%| F|  |TAMS 0x00000000c6e00000, 0x00000000c6e00000| Untracked 
|  71|0x00000000c6f00000, 0x00000000c6f00000, 0x00000000c7000000|  0%| F|  |TAMS 0x00000000c6f00000, 0x00000000c6f00000| Untracked 
|  72|0x00000000c7000000, 0x00000000c7000000, 0x00000000c7100000|  0%| F|  |TAMS 0x00000000c7000000, 0x00000000c7000000| Untracked 
|  73|0x00000000c7100000, 0x00000000c7100000, 0x00000000c7200000|  0%| F|  |TAMS 0x00000000c7100000, 0x00000000c7100000| Untracked 
|  74|0x00000000c7200000, 0x00000000c7200000, 0x00000000c7300000|  0%| F|  |TAMS 0x00000000c7200000, 0x00000000c7200000| Untracked 
|  75|0x00000000c7300000, 0x00000000c7300000, 0x00000000c7400000|  0%| F|  |TAMS 0x00000000c7300000, 0x00000000c7300000| Untracked 
|  76|0x00000000c7400000, 0x00000000c7400000, 0x00000000c7500000|  0%| F|  |TAMS 0x00000000c7400000, 0x00000000c7400000| Untracked 
|  77|0x00000000c7500000, 0x00000000c7500000, 0x00000000c7600000|  0%| F|  |TAMS 0x00000000c7500000, 0x00000000c7500000| Untracked 
|  78|0x00000000c7600000, 0x00000000c7600000, 0x00000000c7700000|  0%| F|  |TAMS 0x00000000c7600000, 0x00000000c7600000| Untracked 
|  79|0x00000000c7700000, 0x00000000c7700000, 0x00000000c7800000|  0%| F|  |TAMS 0x00000000c7700000, 0x00000000c7700000| Untracked 
|  80|0x00000000c7800000, 0x00000000c7800000, 0x00000000c7900000|  0%| F|  |TAMS 0x00000000c7800000, 0x00000000c7800000| Untracked 
|  81|0x00000000c7900000, 0x00000000c7900000, 0x00000000c7a00000|  0%| F|  |TAMS 0x00000000c7900000, 0x00000000c7900000| Untracked 
|  82|0x00000000c7a00000, 0x00000000c7a00000, 0x00000000c7b00000|  0%| F|  |TAMS 0x00000000c7a00000, 0x00000000c7a00000| Untracked 
|  83|0x00000000c7b00000, 0x00000000c7b00000, 0x00000000c7c00000|  0%| F|  |TAMS 0x00000000c7b00000, 0x00000000c7b00000| Untracked 
|  84|0x00000000c7c00000, 0x00000000c7c00000, 0x00000000c7d00000|  0%| F|  |TAMS 0x00000000c7c00000, 0x00000000c7c00000| Untracked 
|  85|0x00000000c7d00000, 0x00000000c7d00000, 0x00000000c7e00000|  0%| F|  |TAMS 0x00000000c7d00000, 0x00000000c7d00000| Untracked 
|  86|0x00000000c7e00000, 0x00000000c7e00000, 0x00000000c7f00000|  0%| F|  |TAMS 0x00000000c7e00000, 0x00000000c7e00000| Untracked 
|  87|0x00000000c7f00000, 0x00000000c7f00000, 0x00000000c8000000|  0%| F|  |TAMS 0x00000000c7f00000, 0x00000000c7f00000| Untracked 
|  88|0x00000000c8000000, 0x00000000c8000000, 0x00000000c8100000|  0%| F|  |TAMS 0x00000000c8000000, 0x00000000c8000000| Untracked 
|  89|0x00000000c8100000, 0x00000000c8100000, 0x00000000c8200000|  0%| F|  |TAMS 0x00000000c8100000, 0x00000000c8100000| Untracked 
|  90|0x00000000c8200000, 0x00000000c8200000, 0x00000000c8300000|  0%| F|  |TAMS 0x00000000c8200000, 0x00000000c8200000| Untracked 
|  91|0x00000000c8300000, 0x00000000c8300000, 0x00000000c8400000|  0%| F|  |TAMS 0x00000000c8300000, 0x00000000c8300000| Untracked 
|  92|0x00000000c8400000, 0x00000000c8400000, 0x00000000c8500000|  0%| F|  |TAMS 0x00000000c8400000, 0x00000000c8400000| Untracked 
|  93|0x00000000c8500000, 0x00000000c8500000, 0x00000000c8600000|  0%| F|  |TAMS 0x00000000c8500000, 0x00000000c8500000| Untracked 
|  94|0x00000000c8600000, 0x00000000c8600000, 0x00000000c8700000|  0%| F|  |TAMS 0x00000000c8600000, 0x00000000c8600000| Untracked 
|  95|0x00000000c8700000, 0x00000000c8700000, 0x00000000c8800000|  0%| F|  |TAMS 0x00000000c8700000, 0x00000000c8700000| Untracked 
|  96|0x00000000c8800000, 0x00000000c8800000, 0x00000000c8900000|  0%| F|  |TAMS 0x00000000c8800000, 0x00000000c8800000| Untracked 
|  97|0x00000000c8900000, 0x00000000c8900000, 0x00000000c8a00000|  0%| F|  |TAMS 0x00000000c8900000, 0x00000000c8900000| Untracked 
|  98|0x00000000c8a00000, 0x00000000c8a00000, 0x00000000c8b00000|  0%| F|  |TAMS 0x00000000c8a00000, 0x00000000c8a00000| Untracked 
|  99|0x00000000c8b00000, 0x00000000c8b00000, 0x00000000c8c00000|  0%| F|  |TAMS 0x00000000c8b00000, 0x00000000c8b00000| Untracked 
| 100|0x00000000c8c00000, 0x00000000c8c00000, 0x00000000c8d00000|  0%| F|  |TAMS 0x00000000c8c00000, 0x00000000c8c00000| Untracked 
| 101|0x00000000c8d00000, 0x00000000c8d00000, 0x00000000c8e00000|  0%| F|  |TAMS 0x00000000c8d00000, 0x00000000c8d00000| Untracked 
| 102|0x00000000c8e00000, 0x00000000c8e00000, 0x00000000c8f00000|  0%| F|  |TAMS 0x00000000c8e00000, 0x00000000c8e00000| Untracked 
| 103|0x00000000c8f00000, 0x00000000c8f00000, 0x00000000c9000000|  0%| F|  |TAMS 0x00000000c8f00000, 0x00000000c8f00000| Untracked 
| 104|0x00000000c9000000, 0x00000000c9000000, 0x00000000c9100000|  0%| F|  |TAMS 0x00000000c9000000, 0x00000000c9000000| Untracked 
| 105|0x00000000c9100000, 0x00000000c9100000, 0x00000000c9200000|  0%| F|  |TAMS 0x00000000c9100000, 0x00000000c9100000| Untracked 
| 106|0x00000000c9200000, 0x00000000c9200000, 0x00000000c9300000|  0%| F|  |TAMS 0x00000000c9200000, 0x00000000c9200000| Untracked 
| 107|0x00000000c9300000, 0x00000000c9300000, 0x00000000c9400000|  0%| F|  |TAMS 0x00000000c9300000, 0x00000000c9300000| Untracked 
| 108|0x00000000c9400000, 0x00000000c9400000, 0x00000000c9500000|  0%| F|  |TAMS 0x00000000c9400000, 0x00000000c9400000| Untracked 
| 109|0x00000000c9500000, 0x00000000c9500000, 0x00000000c9600000|  0%| F|  |TAMS 0x00000000c9500000, 0x00000000c9500000| Untracked 
| 110|0x00000000c9600000, 0x00000000c9600000, 0x00000000c9700000|  0%| F|  |TAMS 0x00000000c9600000, 0x00000000c9600000| Untracked 
| 111|0x00000000c9700000, 0x00000000c977e450, 0x00000000c9800000| 49%| S|CS|TAMS 0x00000000c9700000, 0x00000000c9700000| Complete 
| 112|0x00000000c9800000, 0x00000000c9900000, 0x00000000c9900000|100%| S|CS|TAMS 0x00000000c9800000, 0x00000000c9800000| Complete 
| 113|0x00000000c9900000, 0x00000000c9a00000, 0x00000000c9a00000|100%| S|CS|TAMS 0x00000000c9900000, 0x00000000c9900000| Complete 
| 114|0x00000000c9a00000, 0x00000000c9b00000, 0x00000000c9b00000|100%| S|CS|TAMS 0x00000000c9a00000, 0x00000000c9a00000| Complete 
| 115|0x00000000c9b00000, 0x00000000c9b00000, 0x00000000c9c00000|  0%| F|  |TAMS 0x00000000c9b00000, 0x00000000c9b00000| Untracked 
| 116|0x00000000c9c00000, 0x00000000c9c00000, 0x00000000c9d00000|  0%| F|  |TAMS 0x00000000c9c00000, 0x00000000c9c00000| Untracked 
| 117|0x00000000c9d00000, 0x00000000c9d00000, 0x00000000c9e00000|  0%| F|  |TAMS 0x00000000c9d00000, 0x00000000c9d00000| Untracked 
| 118|0x00000000c9e00000, 0x00000000c9e00000, 0x00000000c9f00000|  0%| F|  |TAMS 0x00000000c9e00000, 0x00000000c9e00000| Untracked 
| 119|0x00000000c9f00000, 0x00000000c9f00000, 0x00000000ca000000|  0%| F|  |TAMS 0x00000000c9f00000, 0x00000000c9f00000| Untracked 
| 120|0x00000000ca000000, 0x00000000ca000000, 0x00000000ca100000|  0%| F|  |TAMS 0x00000000ca000000, 0x00000000ca000000| Untracked 
| 121|0x00000000ca100000, 0x00000000ca100000, 0x00000000ca200000|  0%| F|  |TAMS 0x00000000ca100000, 0x00000000ca100000| Untracked 
| 122|0x00000000ca200000, 0x00000000ca200000, 0x00000000ca300000|  0%| F|  |TAMS 0x00000000ca200000, 0x00000000ca200000| Untracked 
| 123|0x00000000ca300000, 0x00000000ca300000, 0x00000000ca400000|  0%| F|  |TAMS 0x00000000ca300000, 0x00000000ca300000| Untracked 
| 124|0x00000000ca400000, 0x00000000ca400000, 0x00000000ca500000|  0%| F|  |TAMS 0x00000000ca400000, 0x00000000ca400000| Untracked 
| 125|0x00000000ca500000, 0x00000000ca500000, 0x00000000ca600000|  0%| F|  |TAMS 0x00000000ca500000, 0x00000000ca500000| Untracked 
| 126|0x00000000ca600000, 0x00000000ca600000, 0x00000000ca700000|  0%| F|  |TAMS 0x00000000ca600000, 0x00000000ca600000| Untracked 
| 127|0x00000000ca700000, 0x00000000ca700000, 0x00000000ca800000|  0%| F|  |TAMS 0x00000000ca700000, 0x00000000ca700000| Untracked 
| 128|0x00000000ca800000, 0x00000000ca800000, 0x00000000ca900000|  0%| F|  |TAMS 0x00000000ca800000, 0x00000000ca800000| Untracked 
| 129|0x00000000ca900000, 0x00000000ca900000, 0x00000000caa00000|  0%| F|  |TAMS 0x00000000ca900000, 0x00000000ca900000| Untracked 
| 130|0x00000000caa00000, 0x00000000caa00000, 0x00000000cab00000|  0%| F|  |TAMS 0x00000000caa00000, 0x00000000caa00000| Untracked 
| 131|0x00000000cab00000, 0x00000000cab00000, 0x00000000cac00000|  0%| F|  |TAMS 0x00000000cab00000, 0x00000000cab00000| Untracked 
| 132|0x00000000cac00000, 0x00000000cac00000, 0x00000000cad00000|  0%| F|  |TAMS 0x00000000cac00000, 0x00000000cac00000| Untracked 
| 133|0x00000000cad00000, 0x00000000cad00000, 0x00000000cae00000|  0%| F|  |TAMS 0x00000000cad00000, 0x00000000cad00000| Untracked 
| 134|0x00000000cae00000, 0x00000000cae00000, 0x00000000caf00000|  0%| F|  |TAMS 0x00000000cae00000, 0x00000000cae00000| Untracked 
| 135|0x00000000caf00000, 0x00000000caf00000, 0x00000000cb000000|  0%| F|  |TAMS 0x00000000caf00000, 0x00000000caf00000| Untracked 
| 136|0x00000000cb000000, 0x00000000cb000000, 0x00000000cb100000|  0%| F|  |TAMS 0x00000000cb000000, 0x00000000cb000000| Untracked 
| 137|0x00000000cb100000, 0x00000000cb100000, 0x00000000cb200000|  0%| F|  |TAMS 0x00000000cb100000, 0x00000000cb100000| Untracked 
| 138|0x00000000cb200000, 0x00000000cb200000, 0x00000000cb300000|  0%| F|  |TAMS 0x00000000cb200000, 0x00000000cb200000| Untracked 
| 139|0x00000000cb300000, 0x00000000cb300000, 0x00000000cb400000|  0%| F|  |TAMS 0x00000000cb300000, 0x00000000cb300000| Untracked 
| 140|0x00000000cb400000, 0x00000000cb400000, 0x00000000cb500000|  0%| F|  |TAMS 0x00000000cb400000, 0x00000000cb400000| Untracked 
| 141|0x00000000cb500000, 0x00000000cb500000, 0x00000000cb600000|  0%| F|  |TAMS 0x00000000cb500000, 0x00000000cb500000| Untracked 
| 142|0x00000000cb600000, 0x00000000cb700000, 0x00000000cb700000|100%| E|  |TAMS 0x00000000cb600000, 0x00000000cb600000| Complete 
| 143|0x00000000cb700000, 0x00000000cb800000, 0x00000000cb800000|100%| E|CS|TAMS 0x00000000cb700000, 0x00000000cb700000| Complete 
| 144|0x00000000cb800000, 0x00000000cb900000, 0x00000000cb900000|100%| E|CS|TAMS 0x00000000cb800000, 0x00000000cb800000| Complete 
| 145|0x00000000cb900000, 0x00000000cba00000, 0x00000000cba00000|100%| E|CS|TAMS 0x00000000cb900000, 0x00000000cb900000| Complete 
| 146|0x00000000cba00000, 0x00000000cbb00000, 0x00000000cbb00000|100%| E|CS|TAMS 0x00000000cba00000, 0x00000000cba00000| Complete 
| 147|0x00000000cbb00000, 0x00000000cbc00000, 0x00000000cbc00000|100%| E|CS|TAMS 0x00000000cbb00000, 0x00000000cbb00000| Complete 
| 148|0x00000000cbc00000, 0x00000000cbd00000, 0x00000000cbd00000|100%| E|CS|TAMS 0x00000000cbc00000, 0x00000000cbc00000| Complete 
| 149|0x00000000cbd00000, 0x00000000cbe00000, 0x00000000cbe00000|100%| E|CS|TAMS 0x00000000cbd00000, 0x00000000cbd00000| Complete 
| 150|0x00000000cbe00000, 0x00000000cbf00000, 0x00000000cbf00000|100%| E|CS|TAMS 0x00000000cbe00000, 0x00000000cbe00000| Complete 
| 151|0x00000000cbf00000, 0x00000000cc000000, 0x00000000cc000000|100%| E|CS|TAMS 0x00000000cbf00000, 0x00000000cbf00000| Complete 
| 152|0x00000000cc000000, 0x00000000cc100000, 0x00000000cc100000|100%| E|CS|TAMS 0x00000000cc000000, 0x00000000cc000000| Complete 
| 153|0x00000000cc100000, 0x00000000cc200000, 0x00000000cc200000|100%| E|CS|TAMS 0x00000000cc100000, 0x00000000cc100000| Complete 
| 154|0x00000000cc200000, 0x00000000cc300000, 0x00000000cc300000|100%| E|CS|TAMS 0x00000000cc200000, 0x00000000cc200000| Complete 
| 155|0x00000000cc300000, 0x00000000cc400000, 0x00000000cc400000|100%| E|CS|TAMS 0x00000000cc300000, 0x00000000cc300000| Complete 
| 156|0x00000000cc400000, 0x00000000cc500000, 0x00000000cc500000|100%| E|CS|TAMS 0x00000000cc400000, 0x00000000cc400000| Complete 
| 157|0x00000000cc500000, 0x00000000cc600000, 0x00000000cc600000|100%| E|CS|TAMS 0x00000000cc500000, 0x00000000cc500000| Complete 
| 158|0x00000000cc600000, 0x00000000cc700000, 0x00000000cc700000|100%| E|CS|TAMS 0x00000000cc600000, 0x00000000cc600000| Complete 
| 159|0x00000000cc700000, 0x00000000cc800000, 0x00000000cc800000|100%| E|CS|TAMS 0x00000000cc700000, 0x00000000cc700000| Complete 
| 160|0x00000000cc800000, 0x00000000cc900000, 0x00000000cc900000|100%| E|CS|TAMS 0x00000000cc800000, 0x00000000cc800000| Complete 
| 161|0x00000000cc900000, 0x00000000cca00000, 0x00000000cca00000|100%| E|CS|TAMS 0x00000000cc900000, 0x00000000cc900000| Complete 
| 162|0x00000000cca00000, 0x00000000ccb00000, 0x00000000ccb00000|100%| E|CS|TAMS 0x00000000cca00000, 0x00000000cca00000| Complete 
| 163|0x00000000ccb00000, 0x00000000ccc00000, 0x00000000ccc00000|100%| E|CS|TAMS 0x00000000ccb00000, 0x00000000ccb00000| Complete 
| 164|0x00000000ccc00000, 0x00000000ccd00000, 0x00000000ccd00000|100%| E|CS|TAMS 0x00000000ccc00000, 0x00000000ccc00000| Complete 
| 165|0x00000000ccd00000, 0x00000000cce00000, 0x00000000cce00000|100%| E|CS|TAMS 0x00000000ccd00000, 0x00000000ccd00000| Complete 

Card table byte_map: [0x000001e5f43d0000,0x000001e5f45c0000] _byte_map_base: 0x000001e5f3dbc000

Marking Bits (Prev, Next): (CMBitMap*) 0x000001e5f060c590, (CMBitMap*) 0x000001e5f060c550
 Prev Bits: [0x000001e5f5710000, 0x000001e5f6670000)
 Next Bits: [0x000001e5f47b0000, 0x000001e5f5710000)

Polling page: 0x000001e5ee540000

Metaspace:

Usage:
  Non-class:     27.30 MB used.
      Class:      4.01 MB used.
       Both:     31.31 MB used.

Virtual space:
  Non-class space:       64.00 MB reserved,      27.44 MB ( 43%) committed,  1 nodes.
      Class space:        1.00 GB reserved,       4.12 MB ( <1%) committed,  1 nodes.
             Both:        1.06 GB reserved,      31.56 MB (  3%) committed. 

Chunk freelists:
   Non-Class:  3.72 MB
       Class:  11.76 MB
        Both:  15.47 MB

MaxMetaspaceSize: unlimited
CompressedClassSpaceSize: 1.00 GB
Initial GC threshold: 21.00 MB
Current GC threshold: 38.38 MB
CDS: off
MetaspaceReclaimPolicy: balanced
 - commit_granule_bytes: 65536.
 - commit_granule_words: 8192.
 - virtual_space_node_default_size: 8388608.
 - enlarge_chunks_in_place: 1.
 - new_chunks_are_fully_committed: 0.
 - uncommit_free_chunks: 1.
 - use_allocation_guard: 0.
 - handle_deallocations: 1.


Internal statistics:

num_allocs_failed_limit: 0.
num_arena_births: 284.
num_arena_deaths: 0.
num_vsnodes_births: 2.
num_vsnodes_deaths: 0.
num_space_committed: 505.
num_space_uncommitted: 0.
num_chunks_returned_to_freelist: 0.
num_chunks_taken_from_freelist: 1107.
num_chunk_merges: 0.
num_chunk_splits: 753.
num_chunks_enlarged: 580.
num_inconsistent_stats: 0.

CodeHeap 'non-profiled nmethods': size=120000Kb used=2061Kb max_used=2061Kb free=117938Kb
 bounds [0x000001e587ad0000, 0x000001e587d40000, 0x000001e58f000000]
CodeHeap 'profiled nmethods': size=120000Kb used=10333Kb max_used=10333Kb free=109666Kb
 bounds [0x000001e580000000, 0x000001e580a20000, 0x000001e587530000]
CodeHeap 'non-nmethods': size=5760Kb used=1483Kb max_used=1542Kb free=4276Kb
 bounds [0x000001e587530000, 0x000001e5877a0000, 0x000001e587ad0000]
 total_blobs=5765 nmethods=4909 adapters=767
 compilation: enabled
              stopped_count=0, restarted_count=0
 full_count=0

Compilation events (20 events):
Event: 32.667 Thread 0x000001e5f9437910 4908       1       javafx.scene.layout.BorderStroke::getLeftStroke (5 bytes)
Event: 32.668 Thread 0x000001e5f9437910 nmethod 4908 0x000001e587cd1990 code [0x000001e587cd1b20, 0x000001e587cd1bf8]
Event: 32.668 Thread 0x000001e5f9437910 4909       1       javafx.scene.layout.BorderWidths::isTopAsPercentage (5 bytes)
Event: 32.668 Thread 0x000001e5f9437910 nmethod 4909 0x000001e587cd1c90 code [0x000001e587cd1e20, 0x000001e587cd1ef8]
Event: 32.668 Thread 0x000001e5f9437910 4910       1       javafx.scene.layout.BorderWidths::isRightAsPercentage (5 bytes)
Event: 32.668 Thread 0x000001e5f9437910 nmethod 4910 0x000001e587cd1f90 code [0x000001e587cd2120, 0x000001e587cd21f8]
Event: 32.668 Thread 0x000001e5f9437910 4911       1       javafx.scene.layout.BorderWidths::isBottomAsPercentage (5 bytes)
Event: 32.668 Thread 0x000001e5f9437910 nmethod 4911 0x000001e587cd2290 code [0x000001e587cd2420, 0x000001e587cd24f8]
Event: 32.668 Thread 0x000001e5f9437910 4912       1       javafx.scene.layout.BorderWidths::isLeftAsPercentage (5 bytes)
Event: 32.668 Thread 0x000001e5f9437910 nmethod 4912 0x000001e587cd2590 code [0x000001e587cd2720, 0x000001e587cd27f8]
Event: 32.668 Thread 0x000001e5f9437910 4913       1       javafx.scene.layout.BorderStroke::getTopStyle (5 bytes)
Event: 32.668 Thread 0x000001e5f9437910 nmethod 4913 0x000001e587cd2890 code [0x000001e587cd2a20, 0x000001e587cd2af8]
Event: 32.668 Thread 0x000001e5f9437910 4914       1       javafx.scene.layout.BorderStroke::getRightStyle (5 bytes)
Event: 32.668 Thread 0x000001e5f9437910 nmethod 4914 0x000001e587cd2b90 code [0x000001e587cd2d20, 0x000001e587cd2df8]
Event: 32.668 Thread 0x000001e5f9437910 4915       1       javafx.scene.layout.BorderStroke::getBottomStyle (5 bytes)
Event: 32.668 Thread 0x000001e5f9437910 nmethod 4915 0x000001e587cd2e90 code [0x000001e587cd3020, 0x000001e587cd30f8]
Event: 32.668 Thread 0x000001e5f9437910 4916       1       javafx.scene.layout.BorderStroke::getLeftStyle (5 bytes)
Event: 32.668 Thread 0x000001e5f9437910 nmethod 4916 0x000001e587cd3190 code [0x000001e587cd3320, 0x000001e587cd33f8]
Event: 32.668 Thread 0x000001e5f9437910 4917       1       javafx.scene.layout.BorderStroke::isStrokeUniform (5 bytes)
Event: 32.669 Thread 0x000001e5f9437910 nmethod 4917 0x000001e587cd3490 code [0x000001e587cd3620, 0x000001e587cd36f8]

GC Heap History (20 events):
Event: 14.285 GC heap before
{Heap before GC invocations=8 (full 0):
 garbage-first heap   total 80896K, used 45857K [0x00000000c2800000, 0x0000000100000000)
  region size 1024K, 2 young (2048K), 1 survivors (1024K)
 Metaspace       used 23103K, committed 23360K, reserved 1114112K
  class space    used 2946K, committed 3072K, reserved 1048576K
}
Event: 14.286 GC heap after
{Heap after GC invocations=9 (full 0):
 garbage-first heap   total 80896K, used 45865K [0x00000000c2800000, 0x0000000100000000)
  region size 1024K, 1 young (1024K), 1 survivors (1024K)
 Metaspace       used 23103K, committed 23360K, reserved 1114112K
  class space    used 2946K, committed 3072K, reserved 1048576K
}
Event: 14.296 GC heap before
{Heap before GC invocations=10 (full 0):
 garbage-first heap   total 81920K, used 46889K [0x00000000c2800000, 0x0000000100000000)
  region size 1024K, 2 young (2048K), 1 survivors (1024K)
 Metaspace       used 23133K, committed 23360K, reserved 1114112K
  class space    used 2947K, committed 3072K, reserved 1048576K
}
Event: 14.298 GC heap after
{Heap after GC invocations=11 (full 0):
 garbage-first heap   total 101376K, used 46893K [0x00000000c2800000, 0x0000000100000000)
  region size 1024K, 1 young (1024K), 1 survivors (1024K)
 Metaspace       used 23133K, committed 23360K, reserved 1114112K
  class space    used 2947K, committed 3072K, reserved 1048576K
}
Event: 14.323 GC heap before
{Heap before GC invocations=12 (full 0):
 garbage-first heap   total 101376K, used 48941K [0x00000000c2800000, 0x0000000100000000)
  region size 1024K, 2 young (2048K), 1 survivors (1024K)
 Metaspace       used 23138K, committed 23360K, reserved 1114112K
  class space    used 2947K, committed 3072K, reserved 1048576K
}
Event: 14.325 GC heap after
{Heap after GC invocations=13 (full 0):
 garbage-first heap   total 101376K, used 49262K [0x00000000c2800000, 0x0000000100000000)
  region size 1024K, 1 young (1024K), 1 survivors (1024K)
 Metaspace       used 23138K, committed 23360K, reserved 1114112K
  class space    used 2947K, committed 3072K, reserved 1048576K
}
Event: 16.391 GC heap before
{Heap before GC invocations=14 (full 0):
 garbage-first heap   total 101376K, used 53358K [0x00000000c2800000, 0x0000000100000000)
  region size 1024K, 4 young (4096K), 1 survivors (1024K)
 Metaspace       used 23320K, committed 23552K, reserved 1114112K
  class space    used 2951K, committed 3072K, reserved 1048576K
}
Event: 16.393 GC heap after
{Heap after GC invocations=15 (full 0):
 garbage-first heap   total 101376K, used 51719K [0x00000000c2800000, 0x0000000100000000)
  region size 1024K, 1 young (1024K), 1 survivors (1024K)
 Metaspace       used 23320K, committed 23552K, reserved 1114112K
  class space    used 2951K, committed 3072K, reserved 1048576K
}
Event: 16.419 GC heap before
{Heap before GC invocations=16 (full 0):
 garbage-first heap   total 101376K, used 56839K [0x00000000c2800000, 0x0000000100000000)
  region size 1024K, 2 young (2048K), 1 survivors (1024K)
 Metaspace       used 23339K, committed 23552K, reserved 1114112K
  class space    used 2953K, committed 3072K, reserved 1048576K
}
Event: 16.421 GC heap after
{Heap after GC invocations=17 (full 0):
 garbage-first heap   total 101376K, used 56860K [0x00000000c2800000, 0x0000000100000000)
  region size 1024K, 1 young (1024K), 1 survivors (1024K)
 Metaspace       used 23339K, committed 23552K, reserved 1114112K
  class space    used 2953K, committed 3072K, reserved 1048576K
}
Event: 16.444 GC heap before
{Heap before GC invocations=18 (full 0):
 garbage-first heap   total 106496K, used 61980K [0x00000000c2800000, 0x0000000100000000)
  region size 1024K, 2 young (2048K), 1 survivors (1024K)
 Metaspace       used 23340K, committed 23552K, reserved 1114112K
  class space    used 2953K, committed 3072K, reserved 1048576K
}
Event: 16.446 GC heap after
{Heap after GC invocations=19 (full 0):
 garbage-first heap   total 134144K, used 61983K [0x00000000c2800000, 0x0000000100000000)
  region size 1024K, 1 young (1024K), 1 survivors (1024K)
 Metaspace       used 23340K, committed 23552K, reserved 1114112K
  class space    used 2953K, committed 3072K, reserved 1048576K
}
Event: 16.472 GC heap before
{Heap before GC invocations=20 (full 0):
 garbage-first heap   total 134144K, used 67103K [0x00000000c2800000, 0x0000000100000000)
  region size 1024K, 2 young (2048K), 1 survivors (1024K)
 Metaspace       used 23340K, committed 23552K, reserved 1114112K
  class space    used 2953K, committed 3072K, reserved 1048576K
}
Event: 16.473 GC heap after
{Heap after GC invocations=21 (full 0):
 garbage-first heap   total 134144K, used 67125K [0x00000000c2800000, 0x0000000100000000)
  region size 1024K, 1 young (1024K), 1 survivors (1024K)
 Metaspace       used 23340K, committed 23552K, reserved 1114112K
  class space    used 2953K, committed 3072K, reserved 1048576K
}
Event: 16.497 GC heap before
{Heap before GC invocations=22 (full 0):
 garbage-first heap   total 134144K, used 72245K [0x00000000c2800000, 0x0000000100000000)
  region size 1024K, 2 young (2048K), 1 survivors (1024K)
 Metaspace       used 23342K, committed 23552K, reserved 1114112K
  class space    used 2953K, committed 3072K, reserved 1048576K
}
Event: 16.499 GC heap after
{Heap after GC invocations=23 (full 0):
 garbage-first heap   total 134144K, used 72242K [0x00000000c2800000, 0x0000000100000000)
  region size 1024K, 1 young (1024K), 1 survivors (1024K)
 Metaspace       used 23342K, committed 23552K, reserved 1114112K
  class space    used 2953K, committed 3072K, reserved 1048576K
}
Event: 16.527 GC heap before
{Heap before GC invocations=24 (full 0):
 garbage-first heap   total 134144K, used 77362K [0x00000000c2800000, 0x0000000100000000)
  region size 1024K, 2 young (2048K), 1 survivors (1024K)
 Metaspace       used 23359K, committed 23552K, reserved 1114112K
  class space    used 2953K, committed 3072K, reserved 1048576K
}
Event: 16.529 GC heap after
{Heap after GC invocations=25 (full 0):
 garbage-first heap   total 134144K, used 77360K [0x00000000c2800000, 0x0000000100000000)
  region size 1024K, 1 young (1024K), 1 survivors (1024K)
 Metaspace       used 23359K, committed 23552K, reserved 1114112K
  class space    used 2953K, committed 3072K, reserved 1048576K
}
Event: 25.771 GC heap before
{Heap before GC invocations=26 (full 0):
 garbage-first heap   total 140288K, used 102960K [0x00000000c2800000, 0x0000000100000000)
  region size 1024K, 22 young (22528K), 1 survivors (1024K)
 Metaspace       used 29402K, committed 29696K, reserved 1114112K
  class space    used 3789K, committed 3904K, reserved 1048576K
}
Event: 25.779 GC heap after
{Heap after GC invocations=27 (full 0):
 garbage-first heap   total 169984K, used 48191K [0x00000000c2800000, 0x0000000100000000)
  region size 1024K, 4 young (4096K), 4 survivors (4096K)
 Metaspace       used 29402K, committed 29696K, reserved 1114112K
  class space    used 3789K, committed 3904K, reserved 1048576K
}

Dll operation events (20 events):
Event: 0.524 Loaded shared library C:\Program Files\JavaFX\javafx-sdk-20.0.1\bin\api-ms-win-crt-math-l1-1-0.dll
Event: 0.527 Loaded shared library C:\Program Files\JavaFX\javafx-sdk-20.0.1\bin\api-ms-win-crt-multibyte-l1-1-0.dll
Event: 0.529 Loaded shared library C:\Program Files\JavaFX\javafx-sdk-20.0.1\bin\api-ms-win-crt-private-l1-1-0.dll
Event: 0.532 Loaded shared library C:\Program Files\JavaFX\javafx-sdk-20.0.1\bin\api-ms-win-crt-process-l1-1-0.dll
Event: 0.534 Loaded shared library C:\Program Files\JavaFX\javafx-sdk-20.0.1\bin\api-ms-win-crt-runtime-l1-1-0.dll
Event: 0.536 Loaded shared library C:\Program Files\JavaFX\javafx-sdk-20.0.1\bin\api-ms-win-crt-stdio-l1-1-0.dll
Event: 0.538 Loaded shared library C:\Program Files\JavaFX\javafx-sdk-20.0.1\bin\api-ms-win-crt-string-l1-1-0.dll
Event: 0.542 Loaded shared library C:\Program Files\JavaFX\javafx-sdk-20.0.1\bin\api-ms-win-crt-time-l1-1-0.dll
Event: 0.547 Loaded shared library C:\Program Files\JavaFX\javafx-sdk-20.0.1\bin\api-ms-win-crt-utility-l1-1-0.dll
Event: 0.554 Loaded shared library C:\Program Files\JavaFX\javafx-sdk-20.0.1\bin\ucrtbase.dll
Event: 0.559 Loaded shared library C:\Program Files\JavaFX\javafx-sdk-20.0.1\bin\vcruntime140.dll
Event: 0.563 Loaded shared library C:\Program Files\JavaFX\javafx-sdk-20.0.1\bin\vcruntime140_1.dll
Event: 0.569 Loaded shared library C:\Program Files\JavaFX\javafx-sdk-20.0.1\bin\msvcp140.dll
Event: 0.575 Loaded shared library C:\Program Files\JavaFX\javafx-sdk-20.0.1\bin\msvcp140_1.dll
Event: 0.582 Loaded shared library C:\Program Files\JavaFX\javafx-sdk-20.0.1\bin\msvcp140_2.dll
Event: 0.666 Loaded shared library C:\Program Files\JavaFX\javafx-sdk-20.0.1\bin\prism_d3d.dll
Event: 0.808 Loaded shared library C:\Program Files\JavaFX\javafx-sdk-20.0.1\bin\glass.dll
Event: 1.000 Loaded shared library C:\Users\Acer\.p2\pool\plugins\org.eclipse.justj.openjdk.hotspot.jre.full.win32.x86_64_17.0.7.v20230425-1502\jre\bin\jimage.dll
Event: 1.232 Loaded shared library C:\Program Files\JavaFX\javafx-sdk-20.0.1\bin\javafx_font.dll
Event: 1.403 Loaded shared library C:\Program Files\JavaFX\javafx-sdk-20.0.1\bin\javafx_iio.dll

Deoptimization events (20 events):
Event: 32.280 Thread 0x000001e5fe167110 Uncommon trap: trap_request=0xffffffde fr.pc=0x000001e587c7cc1c relative=0x0000000000000cdc
Event: 32.280 Thread 0x000001e5fe167110 Uncommon trap: reason=class_check action=maybe_recompile pc=0x000001e587c7cc1c method=javafx.scene.CssStyleHelper.lookup(Ljavafx/css/Styleable;Ljavafx/css/CssMetaData;Lcom/sun/javafx/css/StyleMap;Ljava/util/Set;Ljavafx/css/Styleable;Lcom/sun/javafx/css/Ca
Event: 32.280 Thread 0x000001e5fe167110 DEOPT PACKING pc=0x000001e587c7cc1c sp=0x00000033209fd170
Event: 32.280 Thread 0x000001e5fe167110 DEOPT UNPACKING pc=0x000001e5875869a3 sp=0x00000033209fd0f8 mode 2
Event: 32.285 Thread 0x000001e5fe167110 Uncommon trap: trap_request=0xffffff45 fr.pc=0x000001e587c4fcc0 relative=0x0000000000000700
Event: 32.285 Thread 0x000001e5fe167110 Uncommon trap: reason=unstable_if action=reinterpret pc=0x000001e587c4fcc0 method=com.sun.javafx.css.ParsedValueImpl.containsFontRelativeSize(Ljavafx/css/ParsedValue;Z)Z @ 56 c2
Event: 32.285 Thread 0x000001e5fe167110 DEOPT PACKING pc=0x000001e587c4fcc0 sp=0x00000033209fcf40
Event: 32.285 Thread 0x000001e5fe167110 DEOPT UNPACKING pc=0x000001e5875869a3 sp=0x00000033209fcec8 mode 2
Event: 32.285 Thread 0x000001e5fe167110 Uncommon trap: trap_request=0xffffffde fr.pc=0x000001e587c7cc1c relative=0x0000000000000cdc
Event: 32.285 Thread 0x000001e5fe167110 Uncommon trap: reason=class_check action=maybe_recompile pc=0x000001e587c7cc1c method=javafx.scene.CssStyleHelper.lookup(Ljavafx/css/Styleable;Ljavafx/css/CssMetaData;Lcom/sun/javafx/css/StyleMap;Ljava/util/Set;Ljavafx/css/Styleable;Lcom/sun/javafx/css/Ca
Event: 32.285 Thread 0x000001e5fe167110 DEOPT PACKING pc=0x000001e587c7cc1c sp=0x00000033209fd170
Event: 32.285 Thread 0x000001e5fe167110 DEOPT UNPACKING pc=0x000001e5875869a3 sp=0x00000033209fd0f8 mode 2
Event: 32.286 Thread 0x000001e5fe167110 Uncommon trap: trap_request=0xffffffde fr.pc=0x000001e587c7cc1c relative=0x0000000000000cdc
Event: 32.286 Thread 0x000001e5fe167110 Uncommon trap: reason=class_check action=maybe_recompile pc=0x000001e587c7cc1c method=javafx.scene.CssStyleHelper.lookup(Ljavafx/css/Styleable;Ljavafx/css/CssMetaData;Lcom/sun/javafx/css/StyleMap;Ljava/util/Set;Ljavafx/css/Styleable;Lcom/sun/javafx/css/Ca
Event: 32.286 Thread 0x000001e5fe167110 DEOPT PACKING pc=0x000001e587c7cc1c sp=0x00000033209fd170
Event: 32.286 Thread 0x000001e5fe167110 DEOPT UNPACKING pc=0x000001e5875869a3 sp=0x00000033209fd0f8 mode 2
Event: 32.289 Thread 0x000001e5fe167110 Uncommon trap: trap_request=0xffffffde fr.pc=0x000001e587c7cc1c relative=0x0000000000000cdc
Event: 32.289 Thread 0x000001e5fe167110 Uncommon trap: reason=class_check action=maybe_recompile pc=0x000001e587c7cc1c method=javafx.scene.CssStyleHelper.lookup(Ljavafx/css/Styleable;Ljavafx/css/CssMetaData;Lcom/sun/javafx/css/StyleMap;Ljava/util/Set;Ljavafx/css/Styleable;Lcom/sun/javafx/css/Ca
Event: 32.289 Thread 0x000001e5fe167110 DEOPT PACKING pc=0x000001e587c7cc1c sp=0x00000033209fd350
Event: 32.289 Thread 0x000001e5fe167110 DEOPT UNPACKING pc=0x000001e5875869a3 sp=0x00000033209fd2d8 mode 2

Classes unloaded (0 events):
No events

Classes redefined (0 events):
No events

Internal exceptions (20 events):
Event: 8.669 Thread 0x000001e5fe167110 Exception <a 'java/lang/NoSuchMethodError'{0x00000000c48a0200}: 'java.lang.Object java.lang.invoke.Invokers$Holder.linkToTargetMethod(java.lang.Object, long, java.lang.Object)'> (0x00000000c48a0200) 
thrown [s\src\hotspot\share\interpreter\linkResolver.cpp, line 759]
Event: 9.032 Thread 0x000001e5fe167110 Exception <a 'java/lang/ClassNotFoundException'{0x00000000c63ad6e0}: com/sun/javafx/scene/control/skin/resources/controls> (0x00000000c63ad6e0) 
thrown [s\src\hotspot\share\prims\jni.cpp, line 535]
Event: 9.033 Thread 0x000001e5fe167110 Exception <a 'java/lang/ClassNotFoundException'{0x00000000c63bb668}: com/sun/javafx/scene/control/skin/resources/controls_tr> (0x00000000c63bb668) 
thrown [s\src\hotspot\share\prims\jni.cpp, line 535]
Event: 9.033 Thread 0x000001e5fe167110 Exception <a 'java/lang/ClassNotFoundException'{0x00000000c63bcd00}: com/sun/javafx/scene/control/skin/resources/controls_tr_TR> (0x00000000c63bcd00) 
thrown [s\src\hotspot\share\prims\jni.cpp, line 535]
Event: 9.080 Thread 0x000001e5fe167110 Exception <a 'java/lang/NoSuchMethodError'{0x00000000c619d190}: 'void java.lang.invoke.DirectMethodHandle$Holder.invokeSpecial(java.lang.Object, java.lang.Object, java.lang.Object, java.lang.Object, java.lang.Object, java.lang.Object)'> (0x00000000c619d190) 
thrown [s\src\hotspot\share\interpreter\linkResolver.cpp, line 759]
Event: 9.233 Thread 0x000001e5f981e560 Exception <a 'java/lang/NoSuchMethodError'{0x00000000c65af6a8}: 'java.lang.Object java.lang.invoke.DirectMethodHandle$Holder.invokeStaticInit(java.lang.Object, int)'> (0x00000000c65af6a8) 
thrown [s\src\hotspot\share\interpreter\linkResolver.cpp, line 759]
Event: 12.138 Thread 0x000001e5fe167110 Exception <a 'java/lang/NoSuchMethodError'{0x00000000c6547000}: 'java.lang.Object java.lang.invoke.DirectMethodHandle$Holder.newInvokeSpecial(java.lang.Object, java.lang.Object, java.lang.Object, double, double, double, double, int, int, int, int, int, int, int, int, int)'> (0x00000000c6547000) 
thrown [s\src\hotspot\share\interpreter\linkResolver.cpp, line 759]
Event: 14.359 Thread 0x000001e5fe167110 Exception <a 'java/lang/NoSuchMethodError'{0x00000000c8838900}: 'java.lang.Object java.lang.invoke.DirectMethodHandle$Holder.newInvokeSpecial(java.lang.Object, java.lang.Object, int, int)'> (0x00000000c8838900) 
thrown [s\src\hotspot\share\interpreter\linkResolver.cpp, line 759]
Event: 23.248 Thread 0x000001e5fe167110 Exception <a 'java/lang/NoSuchMethodError'{0x00000000cae47750}: 'java.lang.Object java.lang.invoke.DirectMethodHandle$Holder.invokeInterface(java.lang.Object, java.lang.Object)'> (0x00000000cae47750) 
thrown [s\src\hotspot\share\interpreter\linkResolver.cpp, line 759]
Event: 23.269 Thread 0x000001e5fe167110 Implicit null exception at 0x000001e587bdbf83 to 0x000001e587bdbff4
Event: 23.274 Thread 0x000001e5fe167110 Exception <a 'java/lang/NoSuchMethodError'{0x00000000caec61b8}: 'java.lang.Object java.lang.invoke.DirectMethodHandle$Holder.invokeVirtual(java.lang.Object, java.lang.Object, java.lang.Object)'> (0x00000000caec61b8) 
thrown [s\src\hotspot\share\interpreter\linkResolver.cpp, line 759]
Event: 23.808 Thread 0x000001e5fe167110 Implicit null exception at 0x000001e587b4e075 to 0x000001e587b4e7f0
Event: 23.808 Thread 0x000001e5fe167110 Implicit null exception at 0x000001e587b4ee72 to 0x000001e587b4f5c4
Event: 23.861 Thread 0x000001e5fe167110 Exception <a 'java/lang/ClassNotFoundException'{0x00000000ca4db518}: com/sun/javafx/scene/control/skin/resources/controls-nt> (0x00000000ca4db518) 
thrown [s\src\hotspot\share\prims\jni.cpp, line 535]
Event: 23.862 Thread 0x000001e5fe167110 Exception <a 'java/lang/ClassNotFoundException'{0x00000000ca4e4078}: com/sun/javafx/scene/control/skin/resources/controls-nt_tr> (0x00000000ca4e4078) 
thrown [s\src\hotspot\share\prims\jni.cpp, line 535]
Event: 23.863 Thread 0x000001e5fe167110 Exception <a 'java/lang/ClassNotFoundException'{0x00000000ca4e5a30}: com/sun/javafx/scene/control/skin/resources/controls-nt_tr_TR> (0x00000000ca4e5a30) 
thrown [s\src\hotspot\share\prims\jni.cpp, line 535]
Event: 24.094 Thread 0x000001e5fe167110 Exception <a 'java/lang/NoSuchMethodError'{0x00000000c9c73720}: 'int java.lang.invoke.DirectMethodHandle$Holder.invokeSpecial(java.lang.Object, java.lang.Object, int)'> (0x00000000c9c73720) 
thrown [s\src\hotspot\share\interpreter\linkResolver.cpp, line 759]
Event: 30.684 Thread 0x000001e5fe167110 Exception <a 'java/lang/NoSuchMethodError'{0x00000000cc407080}: 'java.lang.Object java.lang.invoke.DirectMethodHandle$Holder.newInvokeSpecial(java.lang.Object, java.lang.Object, int, int, int, int, int, java.lang.Object)'> (0x00000000cc407080) 
thrown [s\src\hotspot\share\interpreter\linkResolver.cpp, line 759]
Event: 30.685 Thread 0x000001e5fe167110 Exception <a 'java/lang/NoSuchMethodError'{0x00000000cc41a058}: 'java.lang.Object java.lang.invoke.DirectMethodHandle$Holder.newInvokeSpecial(java.lang.Object, java.lang.Object, java.lang.Object, int, int, int, int, int)'> (0x00000000cc41a058) 
thrown [s\src\hotspot\share\interpreter\linkResolver.cpp, line 759]
Event: 30.685 Thread 0x000001e5fe167110 Exception <a 'java/lang/NoSuchMethodError'{0x00000000cc4218b8}: 'java.lang.Object java.lang.invoke.Invokers$Holder.linkToTargetMethod(java.lang.Object, java.lang.Object, int, int, int, int, int, java.lang.Object)'> (0x00000000cc4218b8) 
thrown [s\src\hotspot\share\interpreter\linkResolver.cpp, line 759]

VM Operations (20 events):
Event: 24.106 Executing VM operation: ICBufferFull
Event: 24.106 Executing VM operation: ICBufferFull done
Event: 25.106 Executing VM operation: Cleanup
Event: 25.106 Executing VM operation: Cleanup done
Event: 25.770 Executing VM operation: G1TryInitiateConcMark
Event: 25.779 Executing VM operation: G1TryInitiateConcMark done
Event: 27.780 Executing VM operation: Cleanup
Event: 27.780 Executing VM operation: Cleanup done
Event: 28.780 Executing VM operation: Cleanup
Event: 28.781 Executing VM operation: Cleanup done
Event: 29.508 Executing VM operation: HandshakeAllThreads
Event: 29.509 Executing VM operation: HandshakeAllThreads done
Event: 29.560 Executing VM operation: HandshakeAllThreads
Event: 29.560 Executing VM operation: HandshakeAllThreads done
Event: 30.561 Executing VM operation: Cleanup
Event: 30.561 Executing VM operation: Cleanup done
Event: 31.561 Executing VM operation: Cleanup
Event: 31.561 Executing VM operation: Cleanup done
Event: 32.562 Executing VM operation: Cleanup
Event: 32.562 Executing VM operation: Cleanup done

Events (20 events):
Event: 32.168 loading class sun/util/locale/provider/CalendarDataUtility$CalendarWeekParameterGetter
Event: 32.168 loading class sun/util/locale/provider/LocaleServiceProviderPool$LocalizedObjectGetter
Event: 32.168 loading class sun/util/locale/provider/LocaleServiceProviderPool$LocalizedObjectGetter done
Event: 32.168 loading class sun/util/locale/provider/CalendarDataUtility$CalendarWeekParameterGetter done
Event: 32.169 loading class sun/util/cldr/CLDRCalendarDataProviderImpl
Event: 32.169 loading class sun/util/locale/provider/CalendarDataProviderImpl
Event: 32.169 loading class sun/util/locale/provider/CalendarDataProviderImpl done
Event: 32.169 loading class sun/util/cldr/CLDRCalendarDataProviderImpl done
Event: 32.181 loading class sun/util/resources/cldr/CalendarData
Event: 32.182 loading class sun/util/resources/cldr/CalendarData done
Event: 32.182 loading class sun/util/calendar/Gregorian$Date
Event: 32.182 loading class sun/util/calendar/BaseCalendar$Date
Event: 32.182 loading class sun/util/calendar/CalendarDate
Event: 32.183 loading class sun/util/calendar/CalendarDate done
Event: 32.183 loading class sun/util/calendar/BaseCalendar$Date done
Event: 32.183 loading class sun/util/calendar/Gregorian$Date done
Event: 32.183 loading class sun/util/calendar/CalendarUtils
Event: 32.183 loading class sun/util/calendar/CalendarUtils done
Event: 32.187 loading class java/time/format/DateTimeParseException
Event: 32.188 loading class java/time/format/DateTimeParseException done


Dynamic libraries:
0x00007ff7d3b70000 - 0x00007ff7d3b7e000 	C:\Users\Acer\.p2\pool\plugins\org.eclipse.justj.openjdk.hotspot.jre.full.win32.x86_64_17.0.7.v20230425-1502\jre\bin\javaw.exe
0x00007ffb8c520000 - 0x00007ffb8c729000 	C:\WINDOWS\SYSTEM32\ntdll.dll
0x00007ffb8abf0000 - 0x00007ffb8acae000 	C:\WINDOWS\System32\KERNEL32.DLL
0x00007ffb89f90000 - 0x00007ffb8a314000 	C:\WINDOWS\System32\KERNELBASE.dll
0x00007ffb899d0000 - 0x00007ffb89ae1000 	C:\WINDOWS\System32\ucrtbase.dll
0x00007ffb48d30000 - 0x00007ffb48d49000 	C:\Users\Acer\.p2\pool\plugins\org.eclipse.justj.openjdk.hotspot.jre.full.win32.x86_64_17.0.7.v20230425-1502\jre\bin\VCRUNTIME140.dll
0x00007ffb47fd0000 - 0x00007ffb47fe7000 	C:\Users\Acer\.p2\pool\plugins\org.eclipse.justj.openjdk.hotspot.jre.full.win32.x86_64_17.0.7.v20230425-1502\jre\bin\jli.dll
0x00007ffb8a630000 - 0x00007ffb8a7dd000 	C:\WINDOWS\System32\USER32.dll
0x00007ffb89af0000 - 0x00007ffb89b16000 	C:\WINDOWS\System32\win32u.dll
0x00007ffb8b030000 - 0x00007ffb8b05a000 	C:\WINDOWS\System32\GDI32.dll
0x00007ffb89df0000 - 0x00007ffb89f0f000 	C:\WINDOWS\System32\gdi32full.dll
0x00007ffb56150000 - 0x00007ffb563f5000 	C:\WINDOWS\WinSxS\amd64_microsoft.windows.common-controls_6595b64144ccf1df_6.0.22000.120_none_9d947278b86cc467\COMCTL32.dll
0x00007ffb89be0000 - 0x00007ffb89c7d000 	C:\WINDOWS\System32\msvcp_win.dll
0x00007ffb8af70000 - 0x00007ffb8b013000 	C:\WINDOWS\System32\msvcrt.dll
0x00007ffb8c4a0000 - 0x00007ffb8c4d1000 	C:\WINDOWS\System32\IMM32.DLL
0x00007ffb73680000 - 0x00007ffb7368c000 	C:\Users\Acer\.p2\pool\plugins\org.eclipse.justj.openjdk.hotspot.jre.full.win32.x86_64_17.0.7.v20230425-1502\jre\bin\vcruntime140_1.dll
0x00007ffb32d80000 - 0x00007ffb32e11000 	C:\Users\Acer\.p2\pool\plugins\org.eclipse.justj.openjdk.hotspot.jre.full.win32.x86_64_17.0.7.v20230425-1502\jre\bin\msvcp140.dll
0x00007ffb161d0000 - 0x00007ffb16e18000 	C:\Users\Acer\.p2\pool\plugins\org.eclipse.justj.openjdk.hotspot.jre.full.win32.x86_64_17.0.7.v20230425-1502\jre\bin\server\jvm.dll
0x00007ffb8a530000 - 0x00007ffb8a5df000 	C:\WINDOWS\System32\ADVAPI32.dll
0x00007ffb8b190000 - 0x00007ffb8b22e000 	C:\WINDOWS\System32\sechost.dll
0x00007ffb8ae40000 - 0x00007ffb8af61000 	C:\WINDOWS\System32\RPCRT4.dll
0x00007ffb80950000 - 0x00007ffb80983000 	C:\WINDOWS\SYSTEM32\WINMM.dll
0x00007ffb80bc0000 - 0x00007ffb80bc9000 	C:\WINDOWS\SYSTEM32\WSOCK32.dll
0x00007ffb809b0000 - 0x00007ffb809ba000 	C:\WINDOWS\SYSTEM32\VERSION.dll
0x00007ffb8c260000 - 0x00007ffb8c2cf000 	C:\WINDOWS\System32\WS2_32.dll
0x00007ffb88ac0000 - 0x00007ffb88ad8000 	C:\WINDOWS\SYSTEM32\kernel.appcore.dll
0x00007ffb80ec0000 - 0x00007ffb80eca000 	C:\Users\Acer\.p2\pool\plugins\org.eclipse.justj.openjdk.hotspot.jre.full.win32.x86_64_17.0.7.v20230425-1502\jre\bin\jimage.dll
0x00007ffb84210000 - 0x00007ffb84431000 	C:\WINDOWS\SYSTEM32\DBGHELP.DLL
0x00007ffb6f860000 - 0x00007ffb6f891000 	C:\WINDOWS\SYSTEM32\dbgcore.DLL
0x00007ffb89f10000 - 0x00007ffb89f8f000 	C:\WINDOWS\System32\bcryptPrimitives.dll
0x00007ffb6f040000 - 0x00007ffb6f065000 	C:\Users\Acer\.p2\pool\plugins\org.eclipse.justj.openjdk.hotspot.jre.full.win32.x86_64_17.0.7.v20230425-1502\jre\bin\java.dll
0x00007ffb74a20000 - 0x00007ffb74a38000 	C:\Users\Acer\.p2\pool\plugins\org.eclipse.justj.openjdk.hotspot.jre.full.win32.x86_64_17.0.7.v20230425-1502\jre\bin\zip.dll
0x00007ffb8b6a0000 - 0x00007ffb8be65000 	C:\WINDOWS\System32\SHELL32.dll
0x00007ffb87ab0000 - 0x00007ffb88314000 	C:\WINDOWS\SYSTEM32\windows.storage.dll
0x00007ffb8bee0000 - 0x00007ffb8c256000 	C:\WINDOWS\System32\combase.dll
0x00007ffb87940000 - 0x00007ffb87aa7000 	C:\WINDOWS\SYSTEM32\wintypes.dll
0x00007ffb8a840000 - 0x00007ffb8a92a000 	C:\WINDOWS\System32\SHCORE.dll
0x00007ffb8a7e0000 - 0x00007ffb8a83d000 	C:\WINDOWS\System32\shlwapi.dll
0x00007ffb89900000 - 0x00007ffb89921000 	C:\WINDOWS\SYSTEM32\profapi.dll
0x00007ffb6ef40000 - 0x00007ffb6ef59000 	C:\Users\Acer\.p2\pool\plugins\org.eclipse.justj.openjdk.hotspot.jre.full.win32.x86_64_17.0.7.v20230425-1502\jre\bin\net.dll
0x00007ffb80830000 - 0x00007ffb80943000 	C:\WINDOWS\SYSTEM32\WINHTTP.dll
0x00007ffb88fe0000 - 0x00007ffb89047000 	C:\WINDOWS\system32\mswsock.dll
0x00007ffb48f40000 - 0x00007ffb48f55000 	C:\Users\Acer\.p2\pool\plugins\org.eclipse.justj.openjdk.hotspot.jre.full.win32.x86_64_17.0.7.v20230425-1502\jre\bin\nio.dll
0x000001e5ee5c0000 - 0x000001e5ee5c3000 	C:\Program Files\JavaFX\javafx-sdk-20.0.1\bin\api-ms-win-core-console-l1-1-0.dll
0x000001e5ee5d0000 - 0x000001e5ee5d3000 	C:\Program Files\JavaFX\javafx-sdk-20.0.1\bin\api-ms-win-core-console-l1-2-0.dll
0x000001e5ee5e0000 - 0x000001e5ee5e3000 	C:\Program Files\JavaFX\javafx-sdk-20.0.1\bin\api-ms-win-core-datetime-l1-1-0.dll
0x000001e5f04e0000 - 0x000001e5f04e3000 	C:\Program Files\JavaFX\javafx-sdk-20.0.1\bin\api-ms-win-core-debug-l1-1-0.dll
0x000001e5f04f0000 - 0x000001e5f04f3000 	C:\Program Files\JavaFX\javafx-sdk-20.0.1\bin\api-ms-win-core-errorhandling-l1-1-0.dll
0x000001e5f0500000 - 0x000001e5f0504000 	C:\Program Files\JavaFX\javafx-sdk-20.0.1\bin\api-ms-win-core-file-l1-1-0.dll
0x000001e5f0510000 - 0x000001e5f0513000 	C:\Program Files\JavaFX\javafx-sdk-20.0.1\bin\api-ms-win-core-file-l1-2-0.dll
0x000001e5f0520000 - 0x000001e5f0523000 	C:\Program Files\JavaFX\javafx-sdk-20.0.1\bin\api-ms-win-core-file-l2-1-0.dll
0x000001e5f0530000 - 0x000001e5f0533000 	C:\Program Files\JavaFX\javafx-sdk-20.0.1\bin\api-ms-win-core-handle-l1-1-0.dll
0x000001e5f0540000 - 0x000001e5f0543000 	C:\Program Files\JavaFX\javafx-sdk-20.0.1\bin\api-ms-win-core-heap-l1-1-0.dll
0x000001e5f0550000 - 0x000001e5f0553000 	C:\Program Files\JavaFX\javafx-sdk-20.0.1\bin\api-ms-win-core-interlocked-l1-1-0.dll
0x000001e5f0560000 - 0x000001e5f0563000 	C:\Program Files\JavaFX\javafx-sdk-20.0.1\bin\api-ms-win-core-libraryloader-l1-1-0.dll
0x000001e5f0570000 - 0x000001e5f0573000 	C:\Program Files\JavaFX\javafx-sdk-20.0.1\bin\api-ms-win-core-localization-l1-2-0.dll
0x000001e5f0580000 - 0x000001e5f0583000 	C:\Program Files\JavaFX\javafx-sdk-20.0.1\bin\api-ms-win-core-memory-l1-1-0.dll
0x000001e5f0590000 - 0x000001e5f0593000 	C:\Program Files\JavaFX\javafx-sdk-20.0.1\bin\api-ms-win-core-namedpipe-l1-1-0.dll
0x000001e5f9820000 - 0x000001e5f9823000 	C:\Program Files\JavaFX\javafx-sdk-20.0.1\bin\api-ms-win-core-processenvironment-l1-1-0.dll
0x000001e5f9830000 - 0x000001e5f9833000 	C:\Program Files\JavaFX\javafx-sdk-20.0.1\bin\api-ms-win-core-processthreads-l1-1-0.dll
0x000001e5f9840000 - 0x000001e5f9843000 	C:\Program Files\JavaFX\javafx-sdk-20.0.1\bin\api-ms-win-core-processthreads-l1-1-1.dll
0x000001e5f9850000 - 0x000001e5f9853000 	C:\Program Files\JavaFX\javafx-sdk-20.0.1\bin\api-ms-win-core-profile-l1-1-0.dll
0x000001e5f9860000 - 0x000001e5f9863000 	C:\Program Files\JavaFX\javafx-sdk-20.0.1\bin\api-ms-win-core-rtlsupport-l1-1-0.dll
0x000001e5f9870000 - 0x000001e5f9873000 	C:\Program Files\JavaFX\javafx-sdk-20.0.1\bin\api-ms-win-core-string-l1-1-0.dll
0x000001e5f9880000 - 0x000001e5f9883000 	C:\Program Files\JavaFX\javafx-sdk-20.0.1\bin\api-ms-win-core-synch-l1-1-0.dll
0x000001e5f9890000 - 0x000001e5f9893000 	C:\Program Files\JavaFX\javafx-sdk-20.0.1\bin\api-ms-win-core-synch-l1-2-0.dll
0x000001e5f98a0000 - 0x000001e5f98a3000 	C:\Program Files\JavaFX\javafx-sdk-20.0.1\bin\api-ms-win-core-sysinfo-l1-1-0.dll
0x000001e5f98b0000 - 0x000001e5f98b3000 	C:\Program Files\JavaFX\javafx-sdk-20.0.1\bin\api-ms-win-core-timezone-l1-1-0.dll
0x000001e5f98c0000 - 0x000001e5f98c3000 	C:\Program Files\JavaFX\javafx-sdk-20.0.1\bin\api-ms-win-core-util-l1-1-0.dll
0x000001e5f98d0000 - 0x000001e5f98d3000 	C:\Program Files\JavaFX\javafx-sdk-20.0.1\bin\api-ms-win-crt-conio-l1-1-0.dll
0x000001e5f98e0000 - 0x000001e5f98e4000 	C:\Program Files\JavaFX\javafx-sdk-20.0.1\bin\api-ms-win-crt-convert-l1-1-0.dll
0x000001e5f98f0000 - 0x000001e5f98f3000 	C:\Program Files\JavaFX\javafx-sdk-20.0.1\bin\api-ms-win-crt-environment-l1-1-0.dll
0x000001e5f9900000 - 0x000001e5f9903000 	C:\Program Files\JavaFX\javafx-sdk-20.0.1\bin\api-ms-win-crt-filesystem-l1-1-0.dll
0x000001e5f9910000 - 0x000001e5f9913000 	C:\Program Files\JavaFX\javafx-sdk-20.0.1\bin\api-ms-win-crt-heap-l1-1-0.dll
0x000001e5f9920000 - 0x000001e5f9923000 	C:\Program Files\JavaFX\javafx-sdk-20.0.1\bin\api-ms-win-crt-locale-l1-1-0.dll
0x000001e5f9930000 - 0x000001e5f9935000 	C:\Program Files\JavaFX\javafx-sdk-20.0.1\bin\api-ms-win-crt-math-l1-1-0.dll
0x000001e5f9940000 - 0x000001e5f9945000 	C:\Program Files\JavaFX\javafx-sdk-20.0.1\bin\api-ms-win-crt-multibyte-l1-1-0.dll
0x000001e5f9950000 - 0x000001e5f9960000 	C:\Program Files\JavaFX\javafx-sdk-20.0.1\bin\api-ms-win-crt-private-l1-1-0.dll
0x000001e5f9960000 - 0x000001e5f9963000 	C:\Program Files\JavaFX\javafx-sdk-20.0.1\bin\api-ms-win-crt-process-l1-1-0.dll
0x000001e5f9970000 - 0x000001e5f9974000 	C:\Program Files\JavaFX\javafx-sdk-20.0.1\bin\api-ms-win-crt-runtime-l1-1-0.dll
0x000001e5f9980000 - 0x000001e5f9984000 	C:\Program Files\JavaFX\javafx-sdk-20.0.1\bin\api-ms-win-crt-stdio-l1-1-0.dll
0x000001e5f9990000 - 0x000001e5f9994000 	C:\Program Files\JavaFX\javafx-sdk-20.0.1\bin\api-ms-win-crt-string-l1-1-0.dll
0x000001e5f99a0000 - 0x000001e5f99a3000 	C:\Program Files\JavaFX\javafx-sdk-20.0.1\bin\api-ms-win-crt-time-l1-1-0.dll
0x000001e5f99b0000 - 0x000001e5f99b3000 	C:\Program Files\JavaFX\javafx-sdk-20.0.1\bin\api-ms-win-crt-utility-l1-1-0.dll
0x00007ffb2d130000 - 0x00007ffb2d22c000 	C:\Program Files\JavaFX\javafx-sdk-20.0.1\bin\ucrtbase.dll
0x00007ffb582e0000 - 0x00007ffb582fb000 	C:\Program Files\JavaFX\javafx-sdk-20.0.1\bin\vcruntime140.dll
0x00007ffb83ad0000 - 0x00007ffb83adc000 	C:\Program Files\JavaFX\javafx-sdk-20.0.1\bin\vcruntime140_1.dll
0x00007ffb2d0a0000 - 0x00007ffb2d12e000 	C:\Program Files\JavaFX\javafx-sdk-20.0.1\bin\msvcp140.dll
0x00007ffb82b30000 - 0x00007ffb82b39000 	C:\Program Files\JavaFX\javafx-sdk-20.0.1\bin\msvcp140_1.dll
0x00007ffb48010000 - 0x00007ffb48040000 	C:\Program Files\JavaFX\javafx-sdk-20.0.1\bin\msvcp140_2.dll
0x00007ffb38e90000 - 0x00007ffb38ebf000 	C:\Program Files\JavaFX\javafx-sdk-20.0.1\bin\prism_d3d.dll
0x00007ffb73bf0000 - 0x00007ffb73d96000 	C:\WINDOWS\system32\d3d9.dll
0x00007ffb840c0000 - 0x00007ffb840ef000 	C:\WINDOWS\SYSTEM32\dwmapi.dll
0x00007ffb83db0000 - 0x00007ffb83de8000 	C:\WINDOWS\SYSTEM32\dxcore.dll
0x00007ffb83ca0000 - 0x00007ffb83d4c000 	C:\WINDOWS\system32\uxtheme.dll
0x00007ffaf9f50000 - 0x00007ffafa0ad000 	C:\WINDOWS\System32\DriverStore\FileRepository\iigd_dch.inf_amd64_2b7bcff446ea567f\igdumdim64.dll
0x00007ffaf0b60000 - 0x00007ffaf4432000 	C:\WINDOWS\System32\DriverStore\FileRepository\iigd_dch.inf_amd64_2b7bcff446ea567f\igd9dxva64.dll
0x00007ffb8a390000 - 0x00007ffb8a52a000 	C:\WINDOWS\System32\ole32.dll
0x00007ffb8a930000 - 0x00007ffb8aa06000 	C:\WINDOWS\System32\OLEAUT32.dll
0x00007ffb8b230000 - 0x00007ffb8b69c000 	C:\WINDOWS\System32\SETUPAPI.dll
0x00007ffb896a0000 - 0x00007ffb896ec000 	C:\WINDOWS\SYSTEM32\cfgmgr32.dll
0x00007ffb7b810000 - 0x00007ffb7b9b5000 	C:\WINDOWS\System32\DriverStore\FileRepository\iigd_dch.inf_amd64_2b7bcff446ea567f\igdgmm64.dll
0x00007ffb80720000 - 0x00007ffb80764000 	C:\WINDOWS\SYSTEM32\directxdatabasehelper.dll
0x00007ffb88ae0000 - 0x00007ffb88b14000 	C:\WINDOWS\SYSTEM32\ntmarta.dll
0x00007ffb32480000 - 0x00007ffb324c2000 	C:\Program Files\JavaFX\javafx-sdk-20.0.1\bin\glass.dll
0x00007ffb8aa10000 - 0x00007ffb8aafc000 	C:\WINDOWS\System32\COMDLG32.dll
0x00007ffb8b070000 - 0x00007ffb8b18d000 	C:\WINDOWS\System32\MSCTF.dll
0x00007ffb191d0000 - 0x00007ffb191f6000 	C:\WINDOWS\System32\DriverStore\FileRepository\iigd_dch.inf_amd64_2b7bcff446ea567f\igdinfo64.dll
0x00007ffb78d00000 - 0x00007ffb7b7b6000 	C:\WINDOWS\System32\DriverStore\FileRepository\iigd_dch.inf_amd64_2b7bcff446ea567f\igc64.dll
0x00007ffb47ff0000 - 0x00007ffb48004000 	C:\Program Files\JavaFX\javafx-sdk-20.0.1\bin\javafx_font.dll
0x00007ffb3f750000 - 0x00007ffb3f9af000 	C:\WINDOWS\SYSTEM32\dwrite.dll
0x00007ffb2d070000 - 0x00007ffb2d09d000 	C:\Program Files\JavaFX\javafx-sdk-20.0.1\bin\javafx_iio.dll
0x00007ffb8acb0000 - 0x00007ffb8ad5f000 	C:\WINDOWS\System32\clbcatq.dll
0x00007ffb7e630000 - 0x00007ffb7e7de000 	C:\WINDOWS\SYSTEM32\WindowsCodecs.dll
0x00007ffb6ec40000 - 0x00007ffb6ec9d000 	C:\WINDOWS\system32\dataexchange.dll
0x00007ffb7e0b0000 - 0x00007ffb7e316000 	C:\WINDOWS\system32\twinapi.appcore.dll
0x00007ffaeff00000 - 0x00007ffaeff32000 	C:\Program Files\Common Files\Microsoft Shared\Ink\rtscom.dll
0x00007ffb43020000 - 0x00007ffb4314c000 	C:\WINDOWS\SYSTEM32\textinputframework.dll
0x00007ffb82140000 - 0x00007ffb826f8000 	C:\WINDOWS\SYSTEM32\d2d1.dll
0x00007ffb7f050000 - 0x00007ffb7f2d0000 	C:\WINDOWS\SYSTEM32\d3d11.dll
0x00007ffb83df0000 - 0x00007ffb83ee3000 	C:\WINDOWS\SYSTEM32\dxgi.dll
0x00007ffb7e8d0000 - 0x00007ffb7efd2000 	C:\WINDOWS\SYSTEM32\D3D10Warp.dll
0x00007ffb836a0000 - 0x00007ffb837d1000 	C:\WINDOWS\SYSTEM32\CoreMessaging.dll
0x00007ffb7f6c0000 - 0x00007ffb7fa2d000 	C:\WINDOWS\SYSTEM32\CoreUIComponents.dll
0x00007ffb89250000 - 0x00007ffb8925c000 	C:\WINDOWS\SYSTEM32\CRYPTBASE.DLL
0x00007ffb885a0000 - 0x00007ffb88688000 	C:\WINDOWS\SYSTEM32\DNSAPI.dll
0x00007ffb88570000 - 0x00007ffb8859d000 	C:\WINDOWS\SYSTEM32\IPHLPAPI.DLL
0x00007ffb8b020000 - 0x00007ffb8b029000 	C:\WINDOWS\System32\NSI.dll

dbghelp: loaded successfully - version: 4.0.5 - missing functions: none
symbol engine: initialized successfully - sym options: 0x614 - pdb path: .;C:\Users\Acer\.p2\pool\plugins\org.eclipse.justj.openjdk.hotspot.jre.full.win32.x86_64_17.0.7.v20230425-1502\jre\bin;C:\WINDOWS\SYSTEM32;C:\WINDOWS\WinSxS\amd64_microsoft.windows.common-controls_6595b64144ccf1df_6.0.22000.120_none_9d947278b86cc467;C:\Users\Acer\.p2\pool\plugins\org.eclipse.justj.openjdk.hotspot.jre.full.win32.x86_64_17.0.7.v20230425-1502\jre\bin\server;C:\Program Files\JavaFX\javafx-sdk-20.0.1\bin;C:\WINDOWS\System32\DriverStore\FileRepository\iigd_dch.inf_amd64_2b7bcff446ea567f;C:\Program Files\Common Files\Microsoft Shared\Ink;C:\Program Files\Bonjour

VM Arguments:
jvm_args: --module-path=C:\Program Files\JavaFX\javafx-sdk-20.0.1\lib --add-modules=javafx.controls,javafx.fxml -Dfile.encoding=UTF-8 -XX:+ShowCodeDetailsInExceptionMessages 
java_command: application.Main
java_class_path (initial): C:\Users\Acer\eclipse-workspace_JavaFX\PansiyonOtamasyonu\bin;C:\Program Files\JavaFX\mysql\mysql-connector-j-8.0.33\mysql-connector-j-8.0.33.jar
Launcher Type: SUN_STANDARD

[Global flags]
     intx CICompilerCount                          = 4                                         {product} {ergonomic}
     uint ConcGCThreads                            = 3                                         {product} {ergonomic}
     uint G1ConcRefinementThreads                  = 10                                        {product} {ergonomic}
   size_t G1HeapRegionSize                         = 1048576                                   {product} {ergonomic}
    uintx GCDrainStackTargetSize                   = 64                                        {product} {ergonomic}
   size_t InitialHeapSize                          = 65011712                                  {product} {ergonomic}
   size_t MarkStackSize                            = 4194304                                   {product} {ergonomic}
   size_t MaxHeapSize                              = 1031798784                                {product} {ergonomic}
   size_t MaxNewSize                               = 618659840                                 {product} {ergonomic}
   size_t MinHeapDeltaBytes                        = 1048576                                   {product} {ergonomic}
   size_t MinHeapSize                              = 8388608                                   {product} {ergonomic}
    uintx NonNMethodCodeHeapSize                   = 5839372                                {pd product} {ergonomic}
    uintx NonProfiledCodeHeapSize                  = 122909434                              {pd product} {ergonomic}
    uintx ProfiledCodeHeapSize                     = 122909434                              {pd product} {ergonomic}
    uintx ReservedCodeCacheSize                    = 251658240                              {pd product} {ergonomic}
     bool SegmentedCodeCache                       = true                                      {product} {ergonomic}
     bool ShowCodeDetailsInExceptionMessages       = true                                   {manageable} {command line}
   size_t SoftMaxHeapSize                          = 1031798784                             {manageable} {ergonomic}
     bool UseCompressedClassPointers               = true                           {product lp64_product} {ergonomic}
     bool UseCompressedOops                        = true                           {product lp64_product} {ergonomic}
     bool UseG1GC                                  = true                                      {product} {ergonomic}
     bool UseLargePagesIndividualAllocation        = false                                  {pd product} {ergonomic}

Logging:
Log output configuration:
 #0: stdout all=warning uptime,level,tags
 #1: stderr all=off uptime,level,tags

Environment Variables:
PATH=C:/Users/Acer/.p2/pool/plugins/org.eclipse.justj.openjdk.hotspot.jre.full.win32.x86_64_17.0.7.v20230425-1502/jre/bin/server;C:/Users/Acer/.p2/pool/plugins/org.eclipse.justj.openjdk.hotspot.jre.full.win32.x86_64_17.0.7.v20230425-1502/jre/bin;C:\Program Files\Common Files\Oracle\Java\javapath;C:\Windows\system32;C:\Windows;C:\Windows\System32\Wbem;C:\Windows\System32\WindowsPowerShell\v1.0\;C:\Windows\System32\OpenSSH\;C:\Program Files (x86)\NVIDIA Corporation\PhysX\Common;C:\Program Files\NVIDIA Corporation\NVIDIA NvDLISR;C:\WINDOWS\system32;C:\WINDOWS;C:\WINDOWS\System32\Wbem;C:\WINDOWS\System32\WindowsPowerShell\v1.0\;C:\WINDOWS\System32\OpenSSH\;C:\Program Files\dotnet\;C:\Program Files\Microsoft SQL Server\Client SDK\ODBC\170\Tools\Binn\;C:\Program Files (x86)\Microsoft SQL Server\150\Tools\Binn\;C:\Program Files\Microsoft SQL Server\150\Tools\Binn\;C:\Program Files\Microsoft SQL Server\150\DTS\Binn\;C:\Program Files\Azure Data Studio\bin;C:\Program Files\Microsoft SQL Server\130\Tools\Binn\;C:\Program Files (x86)\Microsoft SQL Server\150\DTS\Binn\;C:\Program Files (x86)\dotnet\;C:\Program Files\Git\cmd;C:\Users\Acer\AppData\Local\Microsoft\WindowsApps;C:\Users\Acer\AppData\Local\Programs\Microsoft VS Code\bin;C:\Users\Acer\.dotnet\tools;C:\Program Files\Azure Data Studio\bin;C:\Users\Acer\AppData\Local\GitHubDesktop\bin;C:\AppServ\Apache24\bin;C:\AppServ\php7;C:\AppServ\MySQL\bin;C:\AppServ\Apache24\bin;C:\AppServ\php7;C:\AppServ\MySQL\bin;C:\Users\Acer\eclipse\java-2023-03\eclipse;
USERNAME=Acer
OS=Windows_NT
PROCESSOR_IDENTIFIER=Intel64 Family 6 Model 158 Stepping 10, GenuineIntel
TMP=C:\Users\Acer\AppData\Local\Temp
TEMP=C:\Users\Acer\AppData\Local\Temp



---------------  S Y S T E M  ---------------

OS:
 Windows 11 , 64 bit Build 22000 (10.0.22000.1880)
OS uptime: 23 days 12:14 hours

CPU: total 12 (initial active 12) (6 cores per cpu, 2 threads per core) family 6 model 158 stepping 10 microcode 0xde, cx8, cmov, fxsr, ht, mmx, 3dnowpref, sse, sse2, sse3, ssse3, sse4.1, sse4.2, popcnt, lzcnt, tsc, tscinvbit, avx, avx2, aes, erms, clmul, bmi1, bmi2, adx, fma, vzeroupper, clflush, clflushopt

Memory: 4k page, system-wide physical 3933M (96M free)
TotalPageFile size 16221M (AvailPageFile size 11M)
current process WorkingSet (physical memory assigned to process): 271M, peak: 280M
current process commit charge ("private bytes"): 500M, peak: 503M

vm_info: OpenJDK 64-Bit Server VM (17.0.7+7) for windows-amd64 JRE (17.0.7+7), built on Apr 18 2023 22:10:42 by "temurin" with MS VC++ 16.7 (VS2019)

END.
